# JRE version: OpenJDK Runtime Environment (8.0_272-b10) (build 1.8.0_272-b10)
# Java VM: OpenJDK 64-Bit Server VM (25.272-b10 mixed mode linux-amd64 compressed oops)
Heap:
 def new generation   total 4928K, used 3572K [0x00000000f0e00000, 0x00000000f1350000, 0x00000000f5ea0000)
  eden space 4416K,  69% used [0x00000000f0e00000, 0x00000000f10fd1f8, 0x00000000f1250000)
  from space 512K,  99% used [0x00000000f1250000, 0x00000000f12cfff0, 0x00000000f12d0000)
  to   space 512K,   0% used [0x00000000f12d0000, 0x00000000f12d0000, 0x00000000f1350000)
 tenured generation   total 10944K, used 3143K [0x00000000f5ea0000, 0x00000000f6950000, 0x0000000100000000)
   the space 10944K,  28% used [0x00000000f5ea0000, 0x00000000f61b1e50, 0x00000000f61b2000, 0x00000000f6950000)
 Metaspace       used 11188K, capacity 11528K, committed 11648K, reserved 1058816K
  class space    used 1417K, capacity 1560K, committed 1664K, reserved 1048576K
GC Heap History (16 events):
Event: 0.204 GC heap before
{Heap before GC invocations=0 (full 0):
 def new generation   total 4928K, used 4416K [0x00000000f0e00000, 0x00000000f1350000, 0x00000000f5ea0000)
  eden space 4416K, 100% used [0x00000000f0e00000, 0x00000000f1250000, 0x00000000f1250000)
  from space 512K,   0% used [0x00000000f1250000, 0x00000000f1250000, 0x00000000f12d0000)
  to   space 512K,   0% used [0x00000000f12d0000, 0x00000000f12d0000, 0x00000000f1350000)
 tenured generation   total 10944K, used 0K [0x00000000f5ea0000, 0x00000000f6950000, 0x0000000100000000)
   the space 10944K,   0% used [0x00000000f5ea0000, 0x00000000f5ea0000, 0x00000000f5ea0200, 0x00000000f6950000)
 Metaspace       used 4621K, capacity 4920K, committed 5248K, reserved 1056768K
  class space    used 481K, capacity 536K, committed 640K, reserved 1048576K
Event: 0.207 GC heap after
Heap after GC invocations=1 (full 0):
 def new generation   total 4928K, used 512K [0x00000000f0e00000, 0x00000000f1350000, 0x00000000f5ea0000)
  eden space 4416K,   0% used [0x00000000f0e00000, 0x00000000f0e00000, 0x00000000f1250000)
  from space 512K, 100% used [0x00000000f12d0000, 0x00000000f1350000, 0x00000000f1350000)
  to   space 512K,   0% used [0x00000000f1250000, 0x00000000f1250000, 0x00000000f12d0000)
 tenured generation   total 10944K, used 406K [0x00000000f5ea0000, 0x00000000f6950000, 0x0000000100000000)
   the space 10944K,   3% used [0x00000000f5ea0000, 0x00000000f5f058e0, 0x00000000f5f05a00, 0x00000000f6950000)
 Metaspace       used 4621K, capacity 4920K, committed 5248K, reserved 1056768K
  class space    used 481K, capacity 536K, committed 640K, reserved 1048576K
}
Event: 0.292 GC heap before
{Heap before GC invocations=1 (full 0):
 def new generation   total 4928K, used 4928K [0x00000000f0e00000, 0x00000000f1350000, 0x00000000f5ea0000)
  eden space 4416K, 100% used [0x00000000f0e00000, 0x00000000f1250000, 0x00000000f1250000)
  from space 512K, 100% used [0x00000000f12d0000, 0x00000000f1350000, 0x00000000f1350000)
  to   space 512K,   0% used [0x00000000f1250000, 0x00000000f1250000, 0x00000000f12d0000)
 tenured generation   total 10944K, used 406K [0x00000000f5ea0000, 0x00000000f6950000, 0x0000000100000000)
   the space 10944K,   3% used [0x00000000f5ea0000, 0x00000000f5f058e0, 0x00000000f5f05a00, 0x00000000f6950000)
 Metaspace       used 5007K, capacity 5136K, committed 5248K, reserved 1056768K
  class space    used 537K, capacity 608K, committed 640K, reserved 1048576K
Event: 0.296 GC heap after
Heap after GC invocations=2 (full 0):
 def new generation   total 4928K, used 511K [0x00000000f0e00000, 0x00000000f1350000, 0x00000000f5ea0000)
  eden space 4416K,   0% used [0x00000000f0e00000, 0x00000000f0e00000, 0x00000000f1250000)
  from space 512K,  99% used [0x00000000f1250000, 0x00000000f12cfff8, 0x00000000f12d0000)
  to   space 512K,   0% used [0x00000000f12d0000, 0x00000000f12d0000, 0x00000000f1350000)
 tenured generation   total 10944K, used 907K [0x00000000f5ea0000, 0x00000000f6950000, 0x0000000100000000)
   the space 10944K,   8% used [0x00000000f5ea0000, 0x00000000f5f82ce8, 0x00000000f5f82e00, 0x00000000f6950000)
 Metaspace       used 5007K, capacity 5136K, committed 5248K, reserved 1056768K
  class space    used 537K, capacity 608K, committed 640K, reserved 1048576K
}
Event: 0.376 GC heap before
{Heap before GC invocations=2 (full 0):
 def new generation   total 4928K, used 4927K [0x00000000f0e00000, 0x00000000f1350000, 0x00000000f5ea0000)
  eden space 4416K, 100% used [0x00000000f0e00000, 0x00000000f1250000, 0x00000000f1250000)
  from space 512K,  99% used [0x00000000f1250000, 0x00000000f12cfff8, 0x00000000f12d0000)
  to   space 512K,   0% used [0x00000000f12d0000, 0x00000000f12d0000, 0x00000000f1350000)
 tenured generation   total 10944K, used 907K [0x00000000f5ea0000, 0x00000000f6950000, 0x0000000100000000)
   the space 10944K,   8% used [0x00000000f5ea0000, 0x00000000f5f82ce8, 0x00000000f5f82e00, 0x00000000f6950000)
 Metaspace       used 5994K, capacity 6144K, committed 6144K, reserved 1056768K
  class space    used 689K, capacity 768K, committed 768K, reserved 1048576K
Event: 0.380 GC heap after
Heap after GC invocations=3 (full 0):
 def new generation   total 4928K, used 511K [0x00000000f0e00000, 0x00000000f1350000, 0x00000000f5ea0000)
  eden space 4416K,   0% used [0x00000000f0e00000, 0x00000000f0e00000, 0x00000000f1250000)
  from space 512K,  99% used [0x00000000f12d0000, 0x00000000f134fff0, 0x00000000f1350000)
  to   space 512K,   0% used [0x00000000f1250000, 0x00000000f1250000, 0x00000000f12d0000)
 tenured generation   total 10944K, used 1309K [0x00000000f5ea0000, 0x00000000f6950000, 0x0000000100000000)
   the space 10944K,  11% used [0x00000000f5ea0000, 0x00000000f5fe7510, 0x00000000f5fe7600, 0x00000000f6950000)
 Metaspace       used 5994K, capacity 6144K, committed 6144K, reserved 1056768K
  class space    used 689K, capacity 768K, committed 768K, reserved 1048576K
}
Event: 0.495 GC heap before
{Heap before GC invocations=3 (full 0):
 def new generation   total 4928K, used 4927K [0x00000000f0e00000, 0x00000000f1350000, 0x00000000f5ea0000)
  eden space 4416K, 100% used [0x00000000f0e00000, 0x00000000f1250000, 0x00000000f1250000)
  from space 512K,  99% used [0x00000000f12d0000, 0x00000000f134fff0, 0x00000000f1350000)
  to   space 512K,   0% used [0x00000000f1250000, 0x00000000f1250000, 0x00000000f12d0000)
 tenured generation   total 10944K, used 1309K [0x00000000f5ea0000, 0x00000000f6950000, 0x0000000100000000)
   the space 10944K,  11% used [0x00000000f5ea0000, 0x00000000f5fe7510, 0x00000000f5fe7600, 0x00000000f6950000)
 Metaspace       used 7074K, capacity 7272K, committed 7424K, reserved 1056768K
  class space    used 836K, capacity 916K, committed 1024K, reserved 1048576K
Event: 0.498 GC heap after
Heap after GC invocations=4 (full 0):
 def new generation   total 4928K, used 511K [0x00000000f0e00000, 0x00000000f1350000, 0x00000000f5ea0000)
  eden space 4416K,   0% used [0x00000000f0e00000, 0x00000000f0e00000, 0x00000000f1250000)
  from space 512K,  99% used [0x00000000f1250000, 0x00000000f12cfff8, 0x00000000f12d0000)
  to   space 512K,   0% used [0x00000000f12d0000, 0x00000000f12d0000, 0x00000000f1350000)
 tenured generation   total 10944K, used 1735K [0x00000000f5ea0000, 0x00000000f6950000, 0x0000000100000000)
   the space 10944K,  15% used [0x00000000f5ea0000, 0x00000000f6051ff8, 0x00000000f6052000, 0x00000000f6950000)
 Metaspace       used 7074K, capacity 7272K, committed 7424K, reserved 1056768K
  class space    used 836K, capacity 916K, committed 1024K, reserved 1048576K
}
Event: 0.577 GC heap before
{Heap before GC invocations=4 (full 0):
 def new generation   total 4928K, used 4927K [0x00000000f0e00000, 0x00000000f1350000, 0x00000000f5ea0000)
  eden space 4416K, 100% used [0x00000000f0e00000, 0x00000000f1250000, 0x00000000f1250000)
  from space 512K,  99% used [0x00000000f1250000, 0x00000000f12cfff8, 0x00000000f12d0000)
  to   space 512K,   0% used [0x00000000f12d0000, 0x00000000f12d0000, 0x00000000f1350000)
 tenured generation   total 10944K, used 1735K [0x00000000f5ea0000, 0x00000000f6950000, 0x0000000100000000)
   the space 10944K,  15% used [0x00000000f5ea0000, 0x00000000f6051ff8, 0x00000000f6052000, 0x00000000f6950000)
 Metaspace       used 7879K, capacity 8160K, committed 8320K, reserved 1056768K
  class space    used 963K, capacity 1056K, committed 1152K, reserved 1048576K
Event: 0.580 GC heap after
Heap after GC invocations=5 (full 0):
 def new generation   total 4928K, used 512K [0x00000000f0e00000, 0x00000000f1350000, 0x00000000f5ea0000)
  eden space 4416K,   0% used [0x00000000f0e00000, 0x00000000f0e00000, 0x00000000f1250000)
  from space 512K, 100% used [0x00000000f12d0000, 0x00000000f1350000, 0x00000000f1350000)
  to   space 512K,   0% used [0x00000000f1250000, 0x00000000f1250000, 0x00000000f12d0000)
 tenured generation   total 10944K, used 2065K [0x00000000f5ea0000, 0x00000000f6950000, 0x0000000100000000)
   the space 10944K,  18% used [0x00000000f5ea0000, 0x00000000f60a4630, 0x00000000f60a4800, 0x00000000f6950000)
 Metaspace       used 7879K, capacity 8160K, committed 8320K, reserved 1056768K
  class space    used 963K, capacity 1056K, committed 1152K, reserved 1048576K
}
Event: 0.650 GC heap before
{Heap before GC invocations=5 (full 0):
 def new generation   total 4928K, used 4928K [0x00000000f0e00000, 0x00000000f1350000, 0x00000000f5ea0000)
  eden space 4416K, 100% used [0x00000000f0e00000, 0x00000000f1250000, 0x00000000f1250000)
  from space 512K, 100% used [0x00000000f12d0000, 0x00000000f1350000, 0x00000000f1350000)
  to   space 512K,   0% used [0x00000000f1250000, 0x00000000f1250000, 0x00000000f12d0000)
 tenured generation   total 10944K, used 2065K [0x00000000f5ea0000, 0x00000000f6950000, 0x0000000100000000)
   the space 10944K,  18% used [0x00000000f5ea0000, 0x00000000f60a4630, 0x00000000f60a4800, 0x00000000f6950000)
 Metaspace       used 8790K, capacity 9022K, committed 9216K, reserved 1056768K
  class space    used 1108K, capacity 1197K, committed 1280K, reserved 1048576K
Event: 0.654 GC heap after
Heap after GC invocations=6 (full 0):
 def new generation   total 4928K, used 511K [0x00000000f0e00000, 0x00000000f1350000, 0x00000000f5ea0000)
  eden space 4416K,   0% used [0x00000000f0e00000, 0x00000000f0e00000, 0x00000000f1250000)
  from space 512K,  99% used [0x00000000f1250000, 0x00000000f12cfff8, 0x00000000f12d0000)
  to   space 512K,   0% used [0x00000000f12d0000, 0x00000000f12d0000, 0x00000000f1350000)
 tenured generation   total 10944K, used 2495K [0x00000000f5ea0000, 0x00000000f6950000, 0x0000000100000000)
   the space 10944K,  22% used [0x00000000f5ea0000, 0x00000000f610fce8, 0x00000000f610fe00, 0x00000000f6950000)
 Metaspace       used 8790K, capacity 9022K, committed 9216K, reserved 1056768K
  class space    used 1108K, capacity 1197K, committed 1280K, reserved 1048576K
}
Event: 0.736 GC heap before
{Heap before GC invocations=6 (full 0):
 def new generation   total 4928K, used 4927K [0x00000000f0e00000, 0x00000000f1350000, 0x00000000f5ea0000)
  eden space 4416K, 100% used [0x00000000f0e00000, 0x00000000f1250000, 0x00000000f1250000)
  from space 512K,  99% used [0x00000000f1250000, 0x00000000f12cfff8, 0x00000000f12d0000)
  to   space 512K,   0% used [0x00000000f12d0000, 0x00000000f12d0000, 0x00000000f1350000)
 tenured generation   total 10944K, used 2495K [0x00000000f5ea0000, 0x00000000f6950000, 0x0000000100000000)
   the space 10944K,  22% used [0x00000000f5ea0000, 0x00000000f610fce8, 0x00000000f610fe00, 0x00000000f6950000)
 Metaspace       used 9631K, capacity 9854K, committed 10112K, reserved 1058816K
  class space    used 1233K, capacity 1325K, committed 1408K, reserved 1048576K
Event: 0.744 GC heap after
Heap after GC invocations=7 (full 0):
 def new generation   total 4928K, used 512K [0x00000000f0e00000, 0x00000000f1350000, 0x00000000f5ea0000)
  eden space 4416K,   0% used [0x00000000f0e00000, 0x00000000f0e00000, 0x00000000f1250000)
  from space 512K, 100% used [0x00000000f12d0000, 0x00000000f1350000, 0x00000000f1350000)
  to   space 512K,   0% used [0x00000000f1250000, 0x00000000f1250000, 0x00000000f12d0000)
 tenured generation   total 10944K, used 2840K [0x00000000f5ea0000, 0x00000000f6950000, 0x0000000100000000)
   the space 10944K,  25% used [0x00000000f5ea0000, 0x00000000f6166118, 0x00000000f6166200, 0x00000000f6950000)
 Metaspace       used 9631K, capacity 9854K, committed 10112K, reserved 1058816K
  class space    used 1233K, capacity 1325K, committed 1408K, reserved 1048576K
}
Event: 0.981 GC heap before
{Heap before GC invocations=7 (full 0):
 def new generation   total 4928K, used 4928K [0x00000000f0e00000, 0x00000000f1350000, 0x00000000f5ea0000)
  eden space 4416K, 100% used [0x00000000f0e00000, 0x00000000f1250000, 0x00000000f1250000)
  from space 512K, 100% used [0x00000000f12d0000, 0x00000000f1350000, 0x00000000f1350000)
  to   space 512K,   0% used [0x00000000f1250000, 0x00000000f1250000, 0x00000000f12d0000)
 tenured generation   total 10944K, used 2840K [0x00000000f5ea0000, 0x00000000f6950000, 0x0000000100000000)
   the space 10944K,  25% used [0x00000000f5ea0000, 0x00000000f6166118, 0x00000000f6166200, 0x00000000f6950000)
 Metaspace       used 10916K, capacity 11240K, committed 11264K, reserved 1058816K
  class space    used 1401K, capacity 1528K, committed 1536K, reserved 1048576K
Event: 0.984 GC heap after
Heap after GC invocations=8 (full 0):
 def new generation   total 4928K, used 511K [0x00000000f0e00000, 0x00000000f1350000, 0x00000000f5ea0000)
  eden space 4416K,   0% used [0x00000000f0e00000, 0x00000000f0e00000, 0x00000000f1250000)
  from space 512K,  99% used [0x00000000f1250000, 0x00000000f12cfff0, 0x00000000f12d0000)
  to   space 512K,   0% used [0x00000000f12d0000, 0x00000000f12d0000, 0x00000000f1350000)
 tenured generation   total 10944K, used 3143K [0x00000000f5ea0000, 0x00000000f6950000, 0x0000000100000000)
   the space 10944K,  28% used [0x00000000f5ea0000, 0x00000000f61b1e50, 0x00000000f61b2000, 0x00000000f6950000)
 Metaspace       used 10916K, capacity 11240K, committed 11264K, reserved 1058816K
  class space    used 1401K, capacity 1528K, committed 1536K, reserved 1048576K
}

