# JRE version: OpenJDK Runtime Environment (8.0_272-b10) (build 1.8.0_272-b10)
# Java VM: OpenJDK 64-Bit Server VM (25.272-b10 mixed mode linux-amd64 compressed oops)
Heap:
 def new generation   total 19968K, used 7770K [0x00000000c0000000, 0x00000000c15a0000, 0x00000000d5550000)
  eden space 17792K,  43% used [0x00000000c0000000, 0x00000000c0796ab8, 0x00000000c1160000)
  from space 2176K,   0% used [0x00000000c1160000, 0x00000000c1160000, 0x00000000c1380000)
  to   space 2176K,   0% used [0x00000000c1380000, 0x00000000c1380000, 0x00000000c15a0000)
 tenured generation   total 44064K, used 26437K [0x00000000d5550000, 0x00000000d8058000, 0x0000000100000000)
   the space 44064K,  59% used [0x00000000d5550000, 0x00000000d6f21408, 0x00000000d6f21600, 0x00000000d8058000)
 Metaspace       used 46073K, capacity 46858K, committed 47232K, reserved 1089536K
  class space    used 6200K, capacity 6492K, committed 6528K, reserved 1048576K
GC Heap History (174 events):
Event: 0.131 GC heap before
{Heap before GC invocations=0 (full 0):
 def new generation   total 4928K, used 4416K [0x00000000c0000000, 0x00000000c0550000, 0x00000000d5550000)
  eden space 4416K, 100% used [0x00000000c0000000, 0x00000000c0450000, 0x00000000c0450000)
  from space 512K,   0% used [0x00000000c0450000, 0x00000000c0450000, 0x00000000c04d0000)
  to   space 512K,   0% used [0x00000000c04d0000, 0x00000000c04d0000, 0x00000000c0550000)
 tenured generation   total 10944K, used 0K [0x00000000d5550000, 0x00000000d6000000, 0x0000000100000000)
   the space 10944K,   0% used [0x00000000d5550000, 0x00000000d5550000, 0x00000000d5550200, 0x00000000d6000000)
 Metaspace       used 3711K, capacity 4664K, committed 4864K, reserved 1056768K
  class space    used 365K, capacity 424K, committed 512K, reserved 1048576K
Event: 0.133 GC heap after
Heap after GC invocations=1 (full 0):
 def new generation   total 4928K, used 512K [0x00000000c0000000, 0x00000000c0550000, 0x00000000d5550000)
  eden space 4416K,   0% used [0x00000000c0000000, 0x00000000c0000000, 0x00000000c0450000)
  from space 512K, 100% used [0x00000000c04d0000, 0x00000000c0550000, 0x00000000c0550000)
  to   space 512K,   0% used [0x00000000c0450000, 0x00000000c0450000, 0x00000000c04d0000)
 tenured generation   total 10944K, used 107K [0x00000000d5550000, 0x00000000d6000000, 0x0000000100000000)
   the space 10944K,   0% used [0x00000000d5550000, 0x00000000d556ae90, 0x00000000d556b000, 0x00000000d6000000)
 Metaspace       used 3711K, capacity 4664K, committed 4864K, reserved 1056768K
  class space    used 365K, capacity 424K, committed 512K, reserved 1048576K
}
Event: 0.218 GC heap before
{Heap before GC invocations=1 (full 0):
 def new generation   total 4928K, used 4928K [0x00000000c0000000, 0x00000000c0550000, 0x00000000d5550000)
  eden space 4416K, 100% used [0x00000000c0000000, 0x00000000c0450000, 0x00000000c0450000)
  from space 512K, 100% used [0x00000000c04d0000, 0x00000000c0550000, 0x00000000c0550000)
  to   space 512K,   0% used [0x00000000c0450000, 0x00000000c0450000, 0x00000000c04d0000)
 tenured generation   total 10944K, used 107K [0x00000000d5550000, 0x00000000d6000000, 0x0000000100000000)
   the space 10944K,   0% used [0x00000000d5550000, 0x00000000d556ae90, 0x00000000d556b000, 0x00000000d6000000)
 Metaspace       used 4248K, capacity 5008K, committed 5120K, reserved 1056768K
  class space    used 446K, capacity 496K, committed 512K, reserved 1048576K
Event: 0.220 GC heap after
Heap after GC invocations=2 (full 0):
 def new generation   total 4928K, used 511K [0x00000000c0000000, 0x00000000c0550000, 0x00000000d5550000)
  eden space 4416K,   0% used [0x00000000c0000000, 0x00000000c0000000, 0x00000000c0450000)
  from space 512K,  99% used [0x00000000c0450000, 0x00000000c04cfff8, 0x00000000c04d0000)
  to   space 512K,   0% used [0x00000000c04d0000, 0x00000000c04d0000, 0x00000000c0550000)
 tenured generation   total 10944K, used 665K [0x00000000d5550000, 0x00000000d6000000, 0x0000000100000000)
   the space 10944K,   6% used [0x00000000d5550000, 0x00000000d55f6680, 0x00000000d55f6800, 0x00000000d6000000)
 Metaspace       used 4248K, capacity 5008K, committed 5120K, reserved 1056768K
  class space    used 446K, capacity 496K, committed 512K, reserved 1048576K
}
Event: 0.313 GC heap before
{Heap before GC invocations=2 (full 0):
 def new generation   total 4928K, used 4927K [0x00000000c0000000, 0x00000000c0550000, 0x00000000d5550000)
  eden space 4416K, 100% used [0x00000000c0000000, 0x00000000c0450000, 0x00000000c0450000)
  from space 512K,  99% used [0x00000000c0450000, 0x00000000c04cfff8, 0x00000000c04d0000)
  to   space 512K,   0% used [0x00000000c04d0000, 0x00000000c04d0000, 0x00000000c0550000)
 tenured generation   total 10944K, used 665K [0x00000000d5550000, 0x00000000d6000000, 0x0000000100000000)
   the space 10944K,   6% used [0x00000000d5550000, 0x00000000d55f6680, 0x00000000d55f6800, 0x00000000d6000000)
 Metaspace       used 6046K, capacity 6192K, committed 6400K, reserved 1056768K
  class space    used 681K, capacity 748K, committed 768K, reserved 1048576K
Event: 0.316 GC heap after
Heap after GC invocations=3 (full 0):
 def new generation   total 4928K, used 511K [0x00000000c0000000, 0x00000000c0550000, 0x00000000d5550000)
  eden space 4416K,   0% used [0x00000000c0000000, 0x00000000c0000000, 0x00000000c0450000)
  from space 512K,  99% used [0x00000000c04d0000, 0x00000000c054fff8, 0x00000000c0550000)
  to   space 512K,   0% used [0x00000000c0450000, 0x00000000c0450000, 0x00000000c04d0000)
 tenured generation   total 10944K, used 1215K [0x00000000d5550000, 0x00000000d6000000, 0x0000000100000000)
   the space 10944K,  11% used [0x00000000d5550000, 0x00000000d567feb0, 0x00000000d5680000, 0x00000000d6000000)
 Metaspace       used 6046K, capacity 6192K, committed 6400K, reserved 1056768K
  class space    used 681K, capacity 748K, committed 768K, reserved 1048576K
}
Event: 0.387 GC heap before
{Heap before GC invocations=3 (full 0):
 def new generation   total 4928K, used 4927K [0x00000000c0000000, 0x00000000c0550000, 0x00000000d5550000)
  eden space 4416K,  99% used [0x00000000c0000000, 0x00000000c044ffd8, 0x00000000c0450000)
  from space 512K,  99% used [0x00000000c04d0000, 0x00000000c054fff8, 0x00000000c0550000)
  to   space 512K,   0% used [0x00000000c0450000, 0x00000000c0450000, 0x00000000c04d0000)
 tenured generation   total 10944K, used 1215K [0x00000000d5550000, 0x00000000d6000000, 0x0000000100000000)
   the space 10944K,  11% used [0x00000000d5550000, 0x00000000d567feb0, 0x00000000d5680000, 0x00000000d6000000)
 Metaspace       used 6318K, capacity 6480K, committed 6784K, reserved 1056768K
  class space    used 731K, capacity 780K, committed 896K, reserved 1048576K
Event: 0.389 GC heap after
Heap after GC invocations=4 (full 0):
 def new generation   total 4928K, used 511K [0x00000000c0000000, 0x00000000c0550000, 0x00000000d5550000)
  eden space 4416K,   0% used [0x00000000c0000000, 0x00000000c0000000, 0x00000000c0450000)
  from space 512K,  99% used [0x00000000c0450000, 0x00000000c04cfff8, 0x00000000c04d0000)
  to   space 512K,   0% used [0x00000000c04d0000, 0x00000000c04d0000, 0x00000000c0550000)
 tenured generation   total 10944K, used 1739K [0x00000000d5550000, 0x00000000d6000000, 0x0000000100000000)
   the space 10944K,  15% used [0x00000000d5550000, 0x00000000d5702f20, 0x00000000d5703000, 0x00000000d6000000)
 Metaspace       used 6318K, capacity 6480K, committed 6784K, reserved 1056768K
  class space    used 731K, capacity 780K, committed 896K, reserved 1048576K
}
Event: 0.460 GC heap before
{Heap before GC invocations=4 (full 0):
 def new generation   total 4928K, used 4927K [0x00000000c0000000, 0x00000000c0550000, 0x00000000d5550000)
  eden space 4416K, 100% used [0x00000000c0000000, 0x00000000c0450000, 0x00000000c0450000)
  from space 512K,  99% used [0x00000000c0450000, 0x00000000c04cfff8, 0x00000000c04d0000)
  to   space 512K,   0% used [0x00000000c04d0000, 0x00000000c04d0000, 0x00000000c0550000)
 tenured generation   total 10944K, used 1739K [0x00000000d5550000, 0x00000000d6000000, 0x0000000100000000)
   the space 10944K,  15% used [0x00000000d5550000, 0x00000000d5702f20, 0x00000000d5703000, 0x00000000d6000000)
 Metaspace       used 7001K, capacity 7120K, committed 7424K, reserved 1056768K
  class space    used 826K, capacity 908K, committed 1024K, reserved 1048576K
Event: 0.462 GC heap after
Heap after GC invocations=5 (full 0):
 def new generation   total 4928K, used 512K [0x00000000c0000000, 0x00000000c0550000, 0x00000000d5550000)
  eden space 4416K,   0% used [0x00000000c0000000, 0x00000000c0000000, 0x00000000c0450000)
  from space 512K, 100% used [0x00000000c04d0000, 0x00000000c0550000, 0x00000000c0550000)
  to   space 512K,   0% used [0x00000000c0450000, 0x00000000c0450000, 0x00000000c04d0000)
 tenured generation   total 10944K, used 2243K [0x00000000d5550000, 0x00000000d6000000, 0x0000000100000000)
   the space 10944K,  20% used [0x00000000d5550000, 0x00000000d5780f00, 0x00000000d5781000, 0x00000000d6000000)
 Metaspace       used 7001K, capacity 7120K, committed 7424K, reserved 1056768K
  class space    used 826K, capacity 908K, committed 1024K, reserved 1048576K
}
Event: 0.482 GC heap before
{Heap before GC invocations=5 (full 0):
 def new generation   total 4928K, used 4928K [0x00000000c0000000, 0x00000000c0550000, 0x00000000d5550000)
  eden space 4416K, 100% used [0x00000000c0000000, 0x00000000c0450000, 0x00000000c0450000)
  from space 512K, 100% used [0x00000000c04d0000, 0x00000000c0550000, 0x00000000c0550000)
  to   space 512K,   0% used [0x00000000c0450000, 0x00000000c0450000, 0x00000000c04d0000)
 tenured generation   total 10944K, used 2243K [0x00000000d5550000, 0x00000000d6000000, 0x0000000100000000)
   the space 10944K,  20% used [0x00000000d5550000, 0x00000000d5780f00, 0x00000000d5781000, 0x00000000d6000000)
 Metaspace       used 7133K, capacity 7248K, committed 7424K, reserved 1056768K
  class space    used 836K, capacity 908K, committed 1024K, reserved 1048576K
Event: 0.483 GC heap after
Heap after GC invocations=6 (full 0):
 def new generation   total 4928K, used 253K [0x00000000c0000000, 0x00000000c0550000, 0x00000000d5550000)
  eden space 4416K,   0% used [0x00000000c0000000, 0x00000000c0000000, 0x00000000c0450000)
  from space 512K,  49% used [0x00000000c0450000, 0x00000000c048f4a8, 0x00000000c04d0000)
  to   space 512K,   0% used [0x00000000c04d0000, 0x00000000c04d0000, 0x00000000c0550000)
 tenured generation   total 10944K, used 2448K [0x00000000d5550000, 0x00000000d6000000, 0x0000000100000000)
   the space 10944K,  22% used [0x00000000d5550000, 0x00000000d57b4240, 0x00000000d57b4400, 0x00000000d6000000)
 Metaspace       used 7133K, capacity 7248K, committed 7424K, reserved 1056768K
  class space    used 836K, capacity 908K, committed 1024K, reserved 1048576K
}
Event: 0.500 GC heap before
{Heap before GC invocations=6 (full 0):
 def new generation   total 4928K, used 4669K [0x00000000c0000000, 0x00000000c0550000, 0x00000000d5550000)
  eden space 4416K, 100% used [0x00000000c0000000, 0x00000000c0450000, 0x00000000c0450000)
  from space 512K,  49% used [0x00000000c0450000, 0x00000000c048f4a8, 0x00000000c04d0000)
  to   space 512K,   0% used [0x00000000c04d0000, 0x00000000c04d0000, 0x00000000c0550000)
 tenured generation   total 10944K, used 2448K [0x00000000d5550000, 0x00000000d6000000, 0x0000000100000000)
   the space 10944K,  22% used [0x00000000d5550000, 0x00000000d57b4240, 0x00000000d57b4400, 0x00000000d6000000)
 Metaspace       used 7144K, capacity 7312K, committed 7680K, reserved 1056768K
  class space    used 836K, capacity 908K, committed 1024K, reserved 1048576K
Event: 0.501 GC heap after
Heap after GC invocations=7 (full 0):
 def new generation   total 4928K, used 176K [0x00000000c0000000, 0x00000000c0550000, 0x00000000d5550000)
  eden space 4416K,   0% used [0x00000000c0000000, 0x00000000c0000000, 0x00000000c0450000)
  from space 512K,  34% used [0x00000000c04d0000, 0x00000000c04fc0c0, 0x00000000c0550000)
  to   space 512K,   0% used [0x00000000c0450000, 0x00000000c0450000, 0x00000000c04d0000)
 tenured generation   total 10944K, used 2448K [0x00000000d5550000, 0x00000000d6000000, 0x0000000100000000)
   the space 10944K,  22% used [0x00000000d5550000, 0x00000000d57b4240, 0x00000000d57b4400, 0x00000000d6000000)
 Metaspace       used 7144K, capacity 7312K, committed 7680K, reserved 1056768K
  class space    used 836K, capacity 908K, committed 1024K, reserved 1048576K
}
Event: 0.523 GC heap before
{Heap before GC invocations=7 (full 0):
 def new generation   total 4928K, used 4592K [0x00000000c0000000, 0x00000000c0550000, 0x00000000d5550000)
  eden space 4416K, 100% used [0x00000000c0000000, 0x00000000c0450000, 0x00000000c0450000)
  from space 512K,  34% used [0x00000000c04d0000, 0x00000000c04fc0c0, 0x00000000c0550000)
  to   space 512K,   0% used [0x00000000c0450000, 0x00000000c0450000, 0x00000000c04d0000)
 tenured generation   total 10944K, used 2448K [0x00000000d5550000, 0x00000000d6000000, 0x0000000100000000)
   the space 10944K,  22% used [0x00000000d5550000, 0x00000000d57b4240, 0x00000000d57b4400, 0x00000000d6000000)
 Metaspace       used 7155K, capacity 7312K, committed 7680K, reserved 1056768K
  class space    used 836K, capacity 908K, committed 1024K, reserved 1048576K
Event: 0.524 GC heap after
Heap after GC invocations=8 (full 0):
 def new generation   total 4928K, used 212K [0x00000000c0000000, 0x00000000c0550000, 0x00000000d5550000)
  eden space 4416K,   0% used [0x00000000c0000000, 0x00000000c0000000, 0x00000000c0450000)
  from space 512K,  41% used [0x00000000c0450000, 0x00000000c0485378, 0x00000000c04d0000)
  to   space 512K,   0% used [0x00000000c04d0000, 0x00000000c04d0000, 0x00000000c0550000)
 tenured generation   total 10944K, used 2448K [0x00000000d5550000, 0x00000000d6000000, 0x0000000100000000)
   the space 10944K,  22% used [0x00000000d5550000, 0x00000000d57b4240, 0x00000000d57b4400, 0x00000000d6000000)
 Metaspace       used 7155K, capacity 7312K, committed 7680K, reserved 1056768K
  class space    used 836K, capacity 908K, committed 1024K, reserved 1048576K
}
Event: 0.581 GC heap before
{Heap before GC invocations=8 (full 0):
 def new generation   total 4928K, used 4628K [0x00000000c0000000, 0x00000000c0550000, 0x00000000d5550000)
  eden space 4416K, 100% used [0x00000000c0000000, 0x00000000c0450000, 0x00000000c0450000)
  from space 512K,  41% used [0x00000000c0450000, 0x00000000c0485378, 0x00000000c04d0000)
  to   space 512K,   0% used [0x00000000c04d0000, 0x00000000c04d0000, 0x00000000c0550000)
 tenured generation   total 10944K, used 2448K [0x00000000d5550000, 0x00000000d6000000, 0x0000000100000000)
   the space 10944K,  22% used [0x00000000d5550000, 0x00000000d57b4240, 0x00000000d57b4400, 0x00000000d6000000)
 Metaspace       used 7193K, capacity 7312K, committed 7680K, reserved 1056768K
  class space    used 836K, capacity 908K, committed 1024K, reserved 1048576K
Event: 0.583 GC heap after
Heap after GC invocations=9 (full 0):
 def new generation   total 4928K, used 512K [0x00000000c0000000, 0x00000000c0550000, 0x00000000d5550000)
  eden space 4416K,   0% used [0x00000000c0000000, 0x00000000c0000000, 0x00000000c0450000)
  from space 512K, 100% used [0x00000000c04d0000, 0x00000000c0550000, 0x00000000c0550000)
  to   space 512K,   0% used [0x00000000c0450000, 0x00000000c0450000, 0x00000000c04d0000)
 tenured generation   total 10944K, used 2684K [0x00000000d5550000, 0x00000000d6000000, 0x0000000100000000)
   the space 10944K,  24% used [0x00000000d5550000, 0x00000000d57ef1e8, 0x00000000d57ef200, 0x00000000d6000000)
 Metaspace       used 7193K, capacity 7312K, committed 7680K, reserved 1056768K
  class space    used 836K, capacity 908K, committed 1024K, reserved 1048576K
}
Event: 0.607 GC heap before
{Heap before GC invocations=9 (full 0):
 def new generation   total 4928K, used 4928K [0x00000000c0000000, 0x00000000c0550000, 0x00000000d5550000)
  eden space 4416K, 100% used [0x00000000c0000000, 0x00000000c0450000, 0x00000000c0450000)
  from space 512K, 100% used [0x00000000c04d0000, 0x00000000c0550000, 0x00000000c0550000)
  to   space 512K,   0% used [0x00000000c0450000, 0x00000000c0450000, 0x00000000c04d0000)
 tenured generation   total 10944K, used 2684K [0x00000000d5550000, 0x00000000d6000000, 0x0000000100000000)
   the space 10944K,  24% used [0x00000000d5550000, 0x00000000d57ef1e8, 0x00000000d57ef200, 0x00000000d6000000)
 Metaspace       used 7274K, capacity 7496K, committed 7680K, reserved 1056768K
  class space    used 857K, capacity 948K, committed 1024K, reserved 1048576K
Event: 0.609 GC heap after
Heap after GC invocations=10 (full 0):
 def new generation   total 4928K, used 228K [0x00000000c0000000, 0x00000000c0550000, 0x00000000d5550000)
  eden space 4416K,   0% used [0x00000000c0000000, 0x00000000c0000000, 0x00000000c0450000)
  from space 512K,  44% used [0x00000000c0450000, 0x00000000c04890d8, 0x00000000c04d0000)
  to   space 512K,   0% used [0x00000000c04d0000, 0x00000000c04d0000, 0x00000000c0550000)
 tenured generation   total 10944K, used 3154K [0x00000000d5550000, 0x00000000d6000000, 0x0000000100000000)
   the space 10944K,  28% used [0x00000000d5550000, 0x00000000d5864b90, 0x00000000d5864c00, 0x00000000d6000000)
 Metaspace       used 7274K, capacity 7496K, committed 7680K, reserved 1056768K
  class space    used 857K, capacity 948K, committed 1024K, reserved 1048576K
}
Event: 0.635 GC heap before
{Heap before GC invocations=10 (full 0):
 def new generation   total 4928K, used 4644K [0x00000000c0000000, 0x00000000c0550000, 0x00000000d5550000)
  eden space 4416K, 100% used [0x00000000c0000000, 0x00000000c0450000, 0x00000000c0450000)
  from space 512K,  44% used [0x00000000c0450000, 0x00000000c04890d8, 0x00000000c04d0000)
  to   space 512K,   0% used [0x00000000c04d0000, 0x00000000c04d0000, 0x00000000c0550000)
 tenured generation   total 10944K, used 3154K [0x00000000d5550000, 0x00000000d6000000, 0x0000000100000000)
   the space 10944K,  28% used [0x00000000d5550000, 0x00000000d5864b90, 0x00000000d5864c00, 0x00000000d6000000)
 Metaspace       used 7437K, capacity 7658K, committed 7936K, reserved 1056768K
  class space    used 897K, capacity 981K, committed 1024K, reserved 1048576K
Event: 0.636 GC heap after
Heap after GC invocations=11 (full 0):
 def new generation   total 4928K, used 412K [0x00000000c0000000, 0x00000000c0550000, 0x00000000d5550000)
  eden space 4416K,   0% used [0x00000000c0000000, 0x00000000c0000000, 0x00000000c0450000)
  from space 512K,  80% used [0x00000000c04d0000, 0x00000000c0537348, 0x00000000c0550000)
  to   space 512K,   0% used [0x00000000c0450000, 0x00000000c0450000, 0x00000000c04d0000)
 tenured generation   total 10944K, used 3154K [0x00000000d5550000, 0x00000000d6000000, 0x0000000100000000)
   the space 10944K,  28% used [0x00000000d5550000, 0x00000000d5864b90, 0x00000000d5864c00, 0x00000000d6000000)
 Metaspace       used 7437K, capacity 7658K, committed 7936K, reserved 1056768K
  class space    used 897K, capacity 981K, committed 1024K, reserved 1048576K
}
Event: 0.672 GC heap before
{Heap before GC invocations=11 (full 0):
 def new generation   total 4928K, used 4828K [0x00000000c0000000, 0x00000000c0550000, 0x00000000d5550000)
  eden space 4416K, 100% used [0x00000000c0000000, 0x00000000c0450000, 0x00000000c0450000)
  from space 512K,  80% used [0x00000000c04d0000, 0x00000000c0537348, 0x00000000c0550000)
  to   space 512K,   0% used [0x00000000c0450000, 0x00000000c0450000, 0x00000000c04d0000)
 tenured generation   total 10944K, used 3154K [0x00000000d5550000, 0x00000000d6000000, 0x0000000100000000)
   the space 10944K,  28% used [0x00000000d5550000, 0x00000000d5864b90, 0x00000000d5864c00, 0x00000000d6000000)
 Metaspace       used 7943K, capacity 8106K, committed 8320K, reserved 1056768K
  class space    used 985K, capacity 1045K, committed 1152K, reserved 1048576K
Event: 0.674 GC heap after
Heap after GC invocations=12 (full 0):
 def new generation   total 4928K, used 458K [0x00000000c0000000, 0x00000000c0550000, 0x00000000d5550000)
  eden space 4416K,   0% used [0x00000000c0000000, 0x00000000c0000000, 0x00000000c0450000)
  from space 512K,  89% used [0x00000000c0450000, 0x00000000c04c2b00, 0x00000000c04d0000)
  to   space 512K,   0% used [0x00000000c04d0000, 0x00000000c04d0000, 0x00000000c0550000)
 tenured generation   total 10944K, used 3383K [0x00000000d5550000, 0x00000000d6000000, 0x0000000100000000)
   the space 10944K,  30% used [0x00000000d5550000, 0x00000000d589de18, 0x00000000d589e000, 0x00000000d6000000)
 Metaspace       used 7943K, capacity 8106K, committed 8320K, reserved 1056768K
  class space    used 985K, capacity 1045K, committed 1152K, reserved 1048576K
}
Event: 0.749 GC heap before
{Heap before GC invocations=12 (full 0):
 def new generation   total 4928K, used 4874K [0x00000000c0000000, 0x00000000c0550000, 0x00000000d5550000)
  eden space 4416K, 100% used [0x00000000c0000000, 0x00000000c0450000, 0x00000000c0450000)
  from space 512K,  89% used [0x00000000c0450000, 0x00000000c04c2b00, 0x00000000c04d0000)
  to   space 512K,   0% used [0x00000000c04d0000, 0x00000000c04d0000, 0x00000000c0550000)
 tenured generation   total 10944K, used 3383K [0x00000000d5550000, 0x00000000d6000000, 0x0000000100000000)
   the space 10944K,  30% used [0x00000000d5550000, 0x00000000d589de18, 0x00000000d589e000, 0x00000000d6000000)
 Metaspace       used 9469K, capacity 9616K, committed 9728K, reserved 1058816K
  class space    used 1179K, capacity 1270K, committed 1280K, reserved 1048576K
Event: 0.751 GC heap after
Heap after GC invocations=13 (full 0):
 def new generation   total 4928K, used 511K [0x00000000c0000000, 0x00000000c0550000, 0x00000000d5550000)
  eden space 4416K,   0% used [0x00000000c0000000, 0x00000000c0000000, 0x00000000c0450000)
  from space 512K,  99% used [0x00000000c04d0000, 0x00000000c054fff8, 0x00000000c0550000)
  to   space 512K,   0% used [0x00000000c0450000, 0x00000000c0450000, 0x00000000c04d0000)
 tenured generation   total 10944K, used 3890K [0x00000000d5550000, 0x00000000d6000000, 0x0000000100000000)
   the space 10944K,  35% used [0x00000000d5550000, 0x00000000d591c9f8, 0x00000000d591ca00, 0x00000000d6000000)
 Metaspace       used 9469K, capacity 9616K, committed 9728K, reserved 1058816K
  class space    used 1179K, capacity 1270K, committed 1280K, reserved 1048576K
}
Event: 0.841 GC heap before
{Heap before GC invocations=13 (full 0):
 def new generation   total 4928K, used 4927K [0x00000000c0000000, 0x00000000c0550000, 0x00000000d5550000)
  eden space 4416K, 100% used [0x00000000c0000000, 0x00000000c0450000, 0x00000000c0450000)
  from space 512K,  99% used [0x00000000c04d0000, 0x00000000c054fff8, 0x00000000c0550000)
  to   space 512K,   0% used [0x00000000c0450000, 0x00000000c0450000, 0x00000000c04d0000)
 tenured generation   total 10944K, used 3890K [0x00000000d5550000, 0x00000000d6000000, 0x0000000100000000)
   the space 10944K,  35% used [0x00000000d5550000, 0x00000000d591c9f8, 0x00000000d591ca00, 0x00000000d6000000)
 Metaspace       used 10682K, capacity 10890K, committed 11008K, reserved 1058816K
  class space    used 1362K, capacity 1455K, committed 1536K, reserved 1048576K
Event: 0.844 GC heap after
Heap after GC invocations=14 (full 0):
 def new generation   total 4928K, used 512K [0x00000000c0000000, 0x00000000c0550000, 0x00000000d5550000)
  eden space 4416K,   0% used [0x00000000c0000000, 0x00000000c0000000, 0x00000000c0450000)
  from space 512K, 100% used [0x00000000c0450000, 0x00000000c04d0000, 0x00000000c04d0000)
  to   space 512K,   0% used [0x00000000c04d0000, 0x00000000c04d0000, 0x00000000c0550000)
 tenured generation   total 10944K, used 4517K [0x00000000d5550000, 0x00000000d6000000, 0x0000000100000000)
   the space 10944K,  41% used [0x00000000d5550000, 0x00000000d59b95e0, 0x00000000d59b9600, 0x00000000d6000000)
 Metaspace       used 10682K, capacity 10890K, committed 11008K, reserved 1058816K
  class space    used 1362K, capacity 1455K, committed 1536K, reserved 1048576K
}
Event: 0.953 GC heap before
{Heap before GC invocations=14 (full 0):
 def new generation   total 4928K, used 4928K [0x00000000c0000000, 0x00000000c0550000, 0x00000000d5550000)
  eden space 4416K, 100% used [0x00000000c0000000, 0x00000000c0450000, 0x00000000c0450000)
  from space 512K, 100% used [0x00000000c0450000, 0x00000000c04d0000, 0x00000000c04d0000)
  to   space 512K,   0% used [0x00000000c04d0000, 0x00000000c04d0000, 0x00000000c0550000)
 tenured generation   total 10944K, used 4517K [0x00000000d5550000, 0x00000000d6000000, 0x0000000100000000)
   the space 10944K,  41% used [0x00000000d5550000, 0x00000000d59b95e0, 0x00000000d59b9600, 0x00000000d6000000)
 Metaspace       used 11871K, capacity 12102K, committed 12416K, reserved 1060864K
  class space    used 1521K, capacity 1629K, committed 1664K, reserved 1048576K
Event: 0.957 GC heap after
Heap after GC invocations=15 (full 0):
 def new generation   total 4928K, used 511K [0x00000000c0000000, 0x00000000c0550000, 0x00000000d5550000)
  eden space 4416K,   0% used [0x00000000c0000000, 0x00000000c0000000, 0x00000000c0450000)
  from space 512K,  99% used [0x00000000c04d0000, 0x00000000c054fff8, 0x00000000c0550000)
  to   space 512K,   0% used [0x00000000c0450000, 0x00000000c0450000, 0x00000000c04d0000)
 tenured generation   total 10944K, used 5040K [0x00000000d5550000, 0x00000000d6000000, 0x0000000100000000)
   the space 10944K,  46% used [0x00000000d5550000, 0x00000000d5a3c150, 0x00000000d5a3c200, 0x00000000d6000000)
 Metaspace       used 11871K, capacity 12102K, committed 12416K, reserved 1060864K
  class space    used 1521K, capacity 1629K, committed 1664K, reserved 1048576K
}
Event: 1.046 GC heap before
{Heap before GC invocations=15 (full 0):
 def new generation   total 4928K, used 4927K [0x00000000c0000000, 0x00000000c0550000, 0x00000000d5550000)
  eden space 4416K, 100% used [0x00000000c0000000, 0x00000000c0450000, 0x00000000c0450000)
  from space 512K,  99% used [0x00000000c04d0000, 0x00000000c054fff8, 0x00000000c0550000)
  to   space 512K,   0% used [0x00000000c0450000, 0x00000000c0450000, 0x00000000c04d0000)
 tenured generation   total 10944K, used 5040K [0x00000000d5550000, 0x00000000d6000000, 0x0000000100000000)
   the space 10944K,  46% used [0x00000000d5550000, 0x00000000d5a3c150, 0x00000000d5a3c200, 0x00000000d6000000)
 Metaspace       used 12645K, capacity 12984K, committed 13056K, reserved 1060864K
  class space    used 1637K, capacity 1728K, committed 1792K, reserved 1048576K
Event: 1.049 GC heap after
Heap after GC invocations=16 (full 0):
 def new generation   total 4928K, used 511K [0x00000000c0000000, 0x00000000c0550000, 0x00000000d5550000)
  eden space 4416K,   0% used [0x00000000c0000000, 0x00000000c0000000, 0x00000000c0450000)
  from space 512K,  99% used [0x00000000c0450000, 0x00000000c04cfff0, 0x00000000c04d0000)
  to   space 512K,   0% used [0x00000000c04d0000, 0x00000000c04d0000, 0x00000000c0550000)
 tenured generation   total 10944K, used 5476K [0x00000000d5550000, 0x00000000d6000000, 0x0000000100000000)
   the space 10944K,  50% used [0x00000000d5550000, 0x00000000d5aa9300, 0x00000000d5aa9400, 0x00000000d6000000)
 Metaspace       used 12645K, capacity 12984K, committed 13056K, reserved 1060864K
  class space    used 1637K, capacity 1728K, committed 1792K, reserved 1048576K
}
Event: 1.071 GC heap before
{Heap before GC invocations=16 (full 0):
 def new generation   total 4928K, used 4927K [0x00000000c0000000, 0x00000000c0550000, 0x00000000d5550000)
  eden space 4416K, 100% used [0x00000000c0000000, 0x00000000c0450000, 0x00000000c0450000)
  from space 512K,  99% used [0x00000000c0450000, 0x00000000c04cfff0, 0x00000000c04d0000)
  to   space 512K,   0% used [0x00000000c04d0000, 0x00000000c04d0000, 0x00000000c0550000)
 tenured generation   total 10944K, used 5476K [0x00000000d5550000, 0x00000000d6000000, 0x0000000100000000)
   the space 10944K,  50% used [0x00000000d5550000, 0x00000000d5aa9300, 0x00000000d5aa9400, 0x00000000d6000000)
 Metaspace       used 12796K, capacity 13144K, committed 13440K, reserved 1060864K
  class space    used 1673K, capacity 1824K, committed 1920K, reserved 1048576K
Event: 1.074 GC heap after
Heap after GC invocations=17 (full 0):
 def new generation   total 4928K, used 251K [0x00000000c0000000, 0x00000000c0550000, 0x00000000d5550000)
  eden space 4416K,   0% used [0x00000000c0000000, 0x00000000c0000000, 0x00000000c0450000)
  from space 512K,  49% used [0x00000000c04d0000, 0x00000000c050ef18, 0x00000000c0550000)
  to   space 512K,   0% used [0x00000000c0450000, 0x00000000c0450000, 0x00000000c04d0000)
 tenured generation   total 10944K, used 5816K [0x00000000d5550000, 0x00000000d6000000, 0x0000000100000000)
   the space 10944K,  53% used [0x00000000d5550000, 0x00000000d5afe120, 0x00000000d5afe200, 0x00000000d6000000)
 Metaspace       used 12796K, capacity 13144K, committed 13440K, reserved 1060864K
  class space    used 1673K, capacity 1824K, committed 1920K, reserved 1048576K
}
Event: 1.114 GC heap before
{Heap before GC invocations=17 (full 0):
 def new generation   total 4928K, used 4667K [0x00000000c0000000, 0x00000000c0550000, 0x00000000d5550000)
  eden space 4416K, 100% used [0x00000000c0000000, 0x00000000c0450000, 0x00000000c0450000)
  from space 512K,  49% used [0x00000000c04d0000, 0x00000000c050ef18, 0x00000000c0550000)
  to   space 512K,   0% used [0x00000000c0450000, 0x00000000c0450000, 0x00000000c04d0000)
 tenured generation   total 10944K, used 5816K [0x00000000d5550000, 0x00000000d6000000, 0x0000000100000000)
   the space 10944K,  53% used [0x00000000d5550000, 0x00000000d5afe120, 0x00000000d5afe200, 0x00000000d6000000)
 Metaspace       used 13151K, capacity 13464K, committed 13696K, reserved 1060864K
  class space    used 1753K, capacity 1888K, committed 1920K, reserved 1048576K
Event: 1.116 GC heap after
Heap after GC invocations=18 (full 0):
 def new generation   total 4928K, used 512K [0x00000000c0000000, 0x00000000c0550000, 0x00000000d5550000)
  eden space 4416K,   0% used [0x00000000c0000000, 0x00000000c0000000, 0x00000000c0450000)
  from space 512K, 100% used [0x00000000c0450000, 0x00000000c04d0000, 0x00000000c04d0000)
  to   space 512K,   0% used [0x00000000c04d0000, 0x00000000c04d0000, 0x00000000c0550000)
 tenured generation   total 10944K, used 5982K [0x00000000d5550000, 0x00000000d6000000, 0x0000000100000000)
   the space 10944K,  54% used [0x00000000d5550000, 0x00000000d5b27970, 0x00000000d5b27a00, 0x00000000d6000000)
 Metaspace       used 13151K, capacity 13464K, committed 13696K, reserved 1060864K
  class space    used 1753K, capacity 1888K, committed 1920K, reserved 1048576K
}
Event: 1.136 GC heap before
{Heap before GC invocations=18 (full 0):
 def new generation   total 4928K, used 4928K [0x00000000c0000000, 0x00000000c0550000, 0x00000000d5550000)
  eden space 4416K, 100% used [0x00000000c0000000, 0x00000000c0450000, 0x00000000c0450000)
  from space 512K, 100% used [0x00000000c0450000, 0x00000000c04d0000, 0x00000000c04d0000)
  to   space 512K,   0% used [0x00000000c04d0000, 0x00000000c04d0000, 0x00000000c0550000)
 tenured generation   total 10944K, used 5982K [0x00000000d5550000, 0x00000000d6000000, 0x0000000100000000)
   the space 10944K,  54% used [0x00000000d5550000, 0x00000000d5b27970, 0x00000000d5b27a00, 0x00000000d6000000)
 Metaspace       used 13399K, capacity 13688K, committed 13696K, reserved 1060864K
  class space    used 1799K, capacity 1920K, committed 1920K, reserved 1048576K
Event: 1.138 GC heap after
Heap after GC invocations=19 (full 0):
 def new generation   total 4928K, used 430K [0x00000000c0000000, 0x00000000c0550000, 0x00000000d5550000)
  eden space 4416K,   0% used [0x00000000c0000000, 0x00000000c0000000, 0x00000000c0450000)
  from space 512K,  84% used [0x00000000c04d0000, 0x00000000c053b9b8, 0x00000000c0550000)
  to   space 512K,   0% used [0x00000000c0450000, 0x00000000c0450000, 0x00000000c04d0000)
 tenured generation   total 10944K, used 6277K [0x00000000d5550000, 0x00000000d6000000, 0x0000000100000000)
   the space 10944K,  57% used [0x00000000d5550000, 0x00000000d5b71738, 0x00000000d5b71800, 0x00000000d6000000)
 Metaspace       used 13399K, capacity 13688K, committed 13696K, reserved 1060864K
  class space    used 1799K, capacity 1920K, committed 1920K, reserved 1048576K
}
Event: 1.157 GC heap before
{Heap before GC invocations=19 (full 0):
 def new generation   total 4928K, used 4846K [0x00000000c0000000, 0x00000000c0550000, 0x00000000d5550000)
  eden space 4416K, 100% used [0x00000000c0000000, 0x00000000c0450000, 0x00000000c0450000)
  from space 512K,  84% used [0x00000000c04d0000, 0x00000000c053b9b8, 0x00000000c0550000)
  to   space 512K,   0% used [0x00000000c0450000, 0x00000000c0450000, 0x00000000c04d0000)
 tenured generation   total 10944K, used 6277K [0x00000000d5550000, 0x00000000d6000000, 0x0000000100000000)
   the space 10944K,  57% used [0x00000000d5550000, 0x00000000d5b71738, 0x00000000d5b71800, 0x00000000d6000000)
 Metaspace       used 13580K, capacity 13880K, committed 14080K, reserved 1060864K
  class space    used 1837K, capacity 1984K, committed 2048K, reserved 1048576K
Event: 1.159 GC heap after
Heap after GC invocations=20 (full 0):
 def new generation   total 4928K, used 330K [0x00000000c0000000, 0x00000000c0550000, 0x00000000d5550000)
  eden space 4416K,   0% used [0x00000000c0000000, 0x00000000c0000000, 0x00000000c0450000)
  from space 512K,  64% used [0x00000000c0450000, 0x00000000c04a29d8, 0x00000000c04d0000)
  to   space 512K,   0% used [0x00000000c04d0000, 0x00000000c04d0000, 0x00000000c0550000)
 tenured generation   total 10944K, used 6357K [0x00000000d5550000, 0x00000000d6000000, 0x0000000100000000)
   the space 10944K,  58% used [0x00000000d5550000, 0x00000000d5b85788, 0x00000000d5b85800, 0x00000000d6000000)
 Metaspace       used 13580K, capacity 13880K, committed 14080K, reserved 1060864K
  class space    used 1837K, capacity 1984K, committed 2048K, reserved 1048576K
}
Event: 1.209 GC heap before
{Heap before GC invocations=20 (full 0):
 def new generation   total 4928K, used 4746K [0x00000000c0000000, 0x00000000c0550000, 0x00000000d5550000)
  eden space 4416K, 100% used [0x00000000c0000000, 0x00000000c0450000, 0x00000000c0450000)
  from space 512K,  64% used [0x00000000c0450000, 0x00000000c04a29d8, 0x00000000c04d0000)
  to   space 512K,   0% used [0x00000000c04d0000, 0x00000000c04d0000, 0x00000000c0550000)
 tenured generation   total 10944K, used 6357K [0x00000000d5550000, 0x00000000d6000000, 0x0000000100000000)
   the space 10944K,  58% used [0x00000000d5550000, 0x00000000d5b85788, 0x00000000d5b85800, 0x00000000d6000000)
 Metaspace       used 14156K, capacity 14394K, committed 14720K, reserved 1062912K
  class space    used 1932K, capacity 2049K, committed 2176K, reserved 1048576K
Event: 1.211 GC heap after
Heap after GC invocations=21 (full 0):
 def new generation   total 4928K, used 511K [0x00000000c0000000, 0x00000000c0550000, 0x00000000d5550000)
  eden space 4416K,   0% used [0x00000000c0000000, 0x00000000c0000000, 0x00000000c0450000)
  from space 512K,  99% used [0x00000000c04d0000, 0x00000000c054fff0, 0x00000000c0550000)
  to   space 512K,   0% used [0x00000000c0450000, 0x00000000c0450000, 0x00000000c04d0000)
 tenured generation   total 10944K, used 6623K [0x00000000d5550000, 0x00000000d6000000, 0x0000000100000000)
   the space 10944K,  60% used [0x00000000d5550000, 0x00000000d5bc7de8, 0x00000000d5bc7e00, 0x00000000d6000000)
 Metaspace       used 14156K, capacity 14394K, committed 14720K, reserved 1062912K
  class space    used 1932K, capacity 2049K, committed 2176K, reserved 1048576K
}
Event: 1.263 GC heap before
{Heap before GC invocations=21 (full 0):
 def new generation   total 4928K, used 4927K [0x00000000c0000000, 0x00000000c0550000, 0x00000000d5550000)
  eden space 4416K, 100% used [0x00000000c0000000, 0x00000000c0450000, 0x00000000c0450000)
  from space 512K,  99% used [0x00000000c04d0000, 0x00000000c054fff0, 0x00000000c0550000)
  to   space 512K,   0% used [0x00000000c0450000, 0x00000000c0450000, 0x00000000c04d0000)
 tenured generation   total 10944K, used 6623K [0x00000000d5550000, 0x00000000d6000000, 0x0000000100000000)
   the space 10944K,  60% used [0x00000000d5550000, 0x00000000d5bc7de8, 0x00000000d5bc7e00, 0x00000000d6000000)
 Metaspace       used 14658K, capacity 14938K, committed 14976K, reserved 1062912K
  class space    used 2016K, capacity 2145K, committed 2176K, reserved 1048576K
Event: 1.265 GC heap after
Heap after GC invocations=22 (full 0):
 def new generation   total 4928K, used 511K [0x00000000c0000000, 0x00000000c0550000, 0x00000000d5550000)
  eden space 4416K,   0% used [0x00000000c0000000, 0x00000000c0000000, 0x00000000c0450000)
  from space 512K,  99% used [0x00000000c0450000, 0x00000000c04cfff0, 0x00000000c04d0000)
  to   space 512K,   0% used [0x00000000c04d0000, 0x00000000c04d0000, 0x00000000c0550000)
 tenured generation   total 10944K, used 6774K [0x00000000d5550000, 0x00000000d6000000, 0x0000000100000000)
   the space 10944K,  61% used [0x00000000d5550000, 0x00000000d5bedbe0, 0x00000000d5bedc00, 0x00000000d6000000)
 Metaspace       used 14658K, capacity 14938K, committed 14976K, reserved 1062912K
  class space    used 2016K, capacity 2145K, committed 2176K, reserved 1048576K
}
Event: 1.313 GC heap before
{Heap before GC invocations=22 (full 0):
 def new generation   total 4928K, used 4927K [0x00000000c0000000, 0x00000000c0550000, 0x00000000d5550000)
  eden space 4416K, 100% used [0x00000000c0000000, 0x00000000c0450000, 0x00000000c0450000)
  from space 512K,  99% used [0x00000000c0450000, 0x00000000c04cfff0, 0x00000000c04d0000)
  to   space 512K,   0% used [0x00000000c04d0000, 0x00000000c04d0000, 0x00000000c0550000)
 tenured generation   total 10944K, used 6774K [0x00000000d5550000, 0x00000000d6000000, 0x0000000100000000)
   the space 10944K,  61% used [0x00000000d5550000, 0x00000000d5bedbe0, 0x00000000d5bedc00, 0x00000000d6000000)
 Metaspace       used 15091K, capacity 15386K, committed 15616K, reserved 1062912K
  class space    used 2083K, capacity 2209K, committed 2304K, reserved 1048576K
Event: 1.317 GC heap after
Heap after GC invocations=23 (full 0):
 def new generation   total 4928K, used 511K [0x00000000c0000000, 0x00000000c0550000, 0x00000000d5550000)
  eden space 4416K,   0% used [0x00000000c0000000, 0x00000000c0000000, 0x00000000c0450000)
  from space 512K,  99% used [0x00000000c04d0000, 0x00000000c054fff0, 0x00000000c0550000)
  to   space 512K,   0% used [0x00000000c0450000, 0x00000000c0450000, 0x00000000c04d0000)
 tenured generation   total 10944K, used 7184K [0x00000000d5550000, 0x00000000d6000000, 0x0000000100000000)
   the space 10944K,  65% used [0x00000000d5550000, 0x00000000d5c54308, 0x00000000d5c54400, 0x00000000d6000000)
 Metaspace       used 15091K, capacity 15386K, committed 15616K, reserved 1062912K
  class space    used 2083K, capacity 2209K, committed 2304K, reserved 1048576K
}
Event: 1.362 GC heap before
{Heap before GC invocations=23 (full 0):
 def new generation   total 4928K, used 4927K [0x00000000c0000000, 0x00000000c0550000, 0x00000000d5550000)
  eden space 4416K, 100% used [0x00000000c0000000, 0x00000000c0450000, 0x00000000c0450000)
  from space 512K,  99% used [0x00000000c04d0000, 0x00000000c054fff0, 0x00000000c0550000)
  to   space 512K,   0% used [0x00000000c0450000, 0x00000000c0450000, 0x00000000c04d0000)
 tenured generation   total 10944K, used 7184K [0x00000000d5550000, 0x00000000d6000000, 0x0000000100000000)
   the space 10944K,  65% used [0x00000000d5550000, 0x00000000d5c54308, 0x00000000d5c54400, 0x00000000d6000000)
 Metaspace       used 15568K, capacity 15930K, committed 16256K, reserved 1062912K
  class space    used 2167K, capacity 2305K, committed 2432K, reserved 1048576K
Event: 1.364 GC heap after
Heap after GC invocations=24 (full 0):
 def new generation   total 4928K, used 468K [0x00000000c0000000, 0x00000000c0550000, 0x00000000d5550000)
  eden space 4416K,   0% used [0x00000000c0000000, 0x00000000c0000000, 0x00000000c0450000)
  from space 512K,  91% used [0x00000000c0450000, 0x00000000c04c52d0, 0x00000000c04d0000)
  to   space 512K,   0% used [0x00000000c04d0000, 0x00000000c04d0000, 0x00000000c0550000)
 tenured generation   total 10944K, used 7647K [0x00000000d5550000, 0x00000000d6000000, 0x0000000100000000)
   the space 10944K,  69% used [0x00000000d5550000, 0x00000000d5cc7f90, 0x00000000d5cc8000, 0x00000000d6000000)
 Metaspace       used 15568K, capacity 15930K, committed 16256K, reserved 1062912K
  class space    used 2167K, capacity 2305K, committed 2432K, reserved 1048576K
}
Event: 1.415 GC heap before
{Heap before GC invocations=24 (full 0):
 def new generation   total 4928K, used 4884K [0x00000000c0000000, 0x00000000c0550000, 0x00000000d5550000)
  eden space 4416K, 100% used [0x00000000c0000000, 0x00000000c0450000, 0x00000000c0450000)
  from space 512K,  91% used [0x00000000c0450000, 0x00000000c04c52d0, 0x00000000c04d0000)
  to   space 512K,   0% used [0x00000000c04d0000, 0x00000000c04d0000, 0x00000000c0550000)
 tenured generation   total 10944K, used 7647K [0x00000000d5550000, 0x00000000d6000000, 0x0000000100000000)
   the space 10944K,  69% used [0x00000000d5550000, 0x00000000d5cc7f90, 0x00000000d5cc8000, 0x00000000d6000000)
 Metaspace       used 16071K, capacity 16378K, committed 16512K, reserved 1062912K
  class space    used 2244K, capacity 2369K, committed 2432K, reserved 1048576K
Event: 1.417 GC heap after
Heap after GC invocations=25 (full 0):
 def new generation   total 4928K, used 512K [0x00000000c0000000, 0x00000000c0550000, 0x00000000d5550000)
  eden space 4416K,   0% used [0x00000000c0000000, 0x00000000c0000000, 0x00000000c0450000)
  from space 512K, 100% used [0x00000000c04d0000, 0x00000000c0550000, 0x00000000c0550000)
  to   space 512K,   0% used [0x00000000c0450000, 0x00000000c0450000, 0x00000000c04d0000)
 tenured generation   total 10944K, used 7770K [0x00000000d5550000, 0x00000000d6000000, 0x0000000100000000)
   the space 10944K,  71% used [0x00000000d5550000, 0x00000000d5ce69d0, 0x00000000d5ce6a00, 0x00000000d6000000)
 Metaspace       used 16071K, capacity 16378K, committed 16512K, reserved 1062912K
  class space    used 2244K, capacity 2369K, committed 2432K, reserved 1048576K
}
Event: 1.442 GC heap before
{Heap before GC invocations=25 (full 0):
 def new generation   total 4928K, used 4928K [0x00000000c0000000, 0x00000000c0550000, 0x00000000d5550000)
  eden space 4416K, 100% used [0x00000000c0000000, 0x00000000c0450000, 0x00000000c0450000)
  from space 512K, 100% used [0x00000000c04d0000, 0x00000000c0550000, 0x00000000c0550000)
  to   space 512K,   0% used [0x00000000c0450000, 0x00000000c0450000, 0x00000000c04d0000)
 tenured generation   total 10944K, used 7770K [0x00000000d5550000, 0x00000000d6000000, 0x0000000100000000)
   the space 10944K,  71% used [0x00000000d5550000, 0x00000000d5ce69d0, 0x00000000d5ce6a00, 0x00000000d6000000)
 Metaspace       used 16310K, capacity 16602K, committed 16768K, reserved 1062912K
  class space    used 2297K, capacity 2401K, committed 2432K, reserved 1048576K
Event: 1.444 GC heap after
Heap after GC invocations=26 (full 0):
 def new generation   total 4928K, used 285K [0x00000000c0000000, 0x00000000c0550000, 0x00000000d5550000)
  eden space 4416K,   0% used [0x00000000c0000000, 0x00000000c0000000, 0x00000000c0450000)
  from space 512K,  55% used [0x00000000c0450000, 0x00000000c04976a0, 0x00000000c04d0000)
  to   space 512K,   0% used [0x00000000c04d0000, 0x00000000c04d0000, 0x00000000c0550000)
 tenured generation   total 10944K, used 7870K [0x00000000d5550000, 0x00000000d6000000, 0x0000000100000000)
   the space 10944K,  71% used [0x00000000d5550000, 0x00000000d5cffbf0, 0x00000000d5cffc00, 0x00000000d6000000)
 Metaspace       used 16310K, capacity 16602K, committed 16768K, reserved 1062912K
  class space    used 2297K, capacity 2401K, committed 2432K, reserved 1048576K
}
Event: 1.487 GC heap before
{Heap before GC invocations=26 (full 0):
 def new generation   total 4928K, used 4701K [0x00000000c0000000, 0x00000000c0550000, 0x00000000d5550000)
  eden space 4416K, 100% used [0x00000000c0000000, 0x00000000c0450000, 0x00000000c0450000)
  from space 512K,  55% used [0x00000000c0450000, 0x00000000c04976a0, 0x00000000c04d0000)
  to   space 512K,   0% used [0x00000000c04d0000, 0x00000000c04d0000, 0x00000000c0550000)
 tenured generation   total 10944K, used 7870K [0x00000000d5550000, 0x00000000d6000000, 0x0000000100000000)
   the space 10944K,  71% used [0x00000000d5550000, 0x00000000d5cffbf0, 0x00000000d5cffc00, 0x00000000d6000000)
 Metaspace       used 16755K, capacity 17082K, committed 17152K, reserved 1064960K
  class space    used 2364K, capacity 2497K, committed 2560K, reserved 1048576K
Event: 1.489 GC heap after
Heap after GC invocations=27 (full 0):
 def new generation   total 4928K, used 493K [0x00000000c0000000, 0x00000000c0550000, 0x00000000d5550000)
  eden space 4416K,   0% used [0x00000000c0000000, 0x00000000c0000000, 0x00000000c0450000)
  from space 512K,  96% used [0x00000000c04d0000, 0x00000000c054b440, 0x00000000c0550000)
  to   space 512K,   0% used [0x00000000c0450000, 0x00000000c0450000, 0x00000000c04d0000)
 tenured generation   total 10944K, used 7937K [0x00000000d5550000, 0x00000000d6000000, 0x0000000100000000)
   the space 10944K,  72% used [0x00000000d5550000, 0x00000000d5d10560, 0x00000000d5d10600, 0x00000000d6000000)
 Metaspace       used 16755K, capacity 17082K, committed 17152K, reserved 1064960K
  class space    used 2364K, capacity 2497K, committed 2560K, reserved 1048576K
}
Event: 1.560 GC heap before
{Heap before GC invocations=27 (full 0):
 def new generation   total 4928K, used 4909K [0x00000000c0000000, 0x00000000c0550000, 0x00000000d5550000)
  eden space 4416K, 100% used [0x00000000c0000000, 0x00000000c0450000, 0x00000000c0450000)
  from space 512K,  96% used [0x00000000c04d0000, 0x00000000c054b440, 0x00000000c0550000)
  to   space 512K,   0% used [0x00000000c0450000, 0x00000000c0450000, 0x00000000c04d0000)
 tenured generation   total 10944K, used 7937K [0x00000000d5550000, 0x00000000d6000000, 0x0000000100000000)
   the space 10944K,  72% used [0x00000000d5550000, 0x00000000d5d10560, 0x00000000d5d10600, 0x00000000d6000000)
 Metaspace       used 17344K, capacity 17626K, committed 17792K, reserved 1064960K
  class space    used 2459K, capacity 2593K, committed 2688K, reserved 1048576K
Event: 1.564 GC heap after
Heap after GC invocations=28 (full 0):
 def new generation   total 4928K, used 512K [0x00000000c0000000, 0x00000000c0550000, 0x00000000d5550000)
  eden space 4416K,   0% used [0x00000000c0000000, 0x00000000c0000000, 0x00000000c0450000)
  from space 512K, 100% used [0x00000000c0450000, 0x00000000c04d0000, 0x00000000c04d0000)
  to   space 512K,   0% used [0x00000000c04d0000, 0x00000000c04d0000, 0x00000000c0550000)
 tenured generation   total 10944K, used 8165K [0x00000000d5550000, 0x00000000d6000000, 0x0000000100000000)
   the space 10944K,  74% used [0x00000000d5550000, 0x00000000d5d494f0, 0x00000000d5d49600, 0x00000000d6000000)
 Metaspace       used 17344K, capacity 17626K, committed 17792K, reserved 1064960K
  class space    used 2459K, capacity 2593K, committed 2688K, reserved 1048576K
}
Event: 1.616 GC heap before
{Heap before GC invocations=28 (full 0):
 def new generation   total 4928K, used 4928K [0x00000000c0000000, 0x00000000c0550000, 0x00000000d5550000)
  eden space 4416K, 100% used [0x00000000c0000000, 0x00000000c0450000, 0x00000000c0450000)
  from space 512K, 100% used [0x00000000c0450000, 0x00000000c04d0000, 0x00000000c04d0000)
  to   space 512K,   0% used [0x00000000c04d0000, 0x00000000c04d0000, 0x00000000c0550000)
 tenured generation   total 10944K, used 8165K [0x00000000d5550000, 0x00000000d6000000, 0x0000000100000000)
   the space 10944K,  74% used [0x00000000d5550000, 0x00000000d5d494f0, 0x00000000d5d49600, 0x00000000d6000000)
 Metaspace       used 17941K, capacity 18240K, committed 18432K, reserved 1064960K
  class space    used 2533K, capacity 2690K, committed 2816K, reserved 1048576K
Event: 1.619 GC heap after
Heap after GC invocations=29 (full 0):
 def new generation   total 4928K, used 511K [0x00000000c0000000, 0x00000000c0550000, 0x00000000d5550000)
  eden space 4416K,   0% used [0x00000000c0000000, 0x00000000c0000000, 0x00000000c0450000)
  from space 512K,  99% used [0x00000000c04d0000, 0x00000000c054ff58, 0x00000000c0550000)
  to   space 512K,   0% used [0x00000000c0450000, 0x00000000c0450000, 0x00000000c04d0000)
 tenured generation   total 10944K, used 8367K [0x00000000d5550000, 0x00000000d6000000, 0x0000000100000000)
   the space 10944K,  76% used [0x00000000d5550000, 0x00000000d5d7bd00, 0x00000000d5d7be00, 0x00000000d6000000)
 Metaspace       used 17941K, capacity 18240K, committed 18432K, reserved 1064960K
  class space    used 2533K, capacity 2690K, committed 2816K, reserved 1048576K
}
Event: 1.675 GC heap before
{Heap before GC invocations=29 (full 0):
 def new generation   total 4928K, used 4927K [0x00000000c0000000, 0x00000000c0550000, 0x00000000d5550000)
  eden space 4416K, 100% used [0x00000000c0000000, 0x00000000c0450000, 0x00000000c0450000)
  from space 512K,  99% used [0x00000000c04d0000, 0x00000000c054ff58, 0x00000000c0550000)
  to   space 512K,   0% used [0x00000000c0450000, 0x00000000c0450000, 0x00000000c04d0000)
 tenured generation   total 10944K, used 8367K [0x00000000d5550000, 0x00000000d6000000, 0x0000000100000000)
   the space 10944K,  76% used [0x00000000d5550000, 0x00000000d5d7bd00, 0x00000000d5d7be00, 0x00000000d6000000)
 Metaspace       used 18441K, capacity 18752K, committed 18944K, reserved 1064960K
  class space    used 2613K, capacity 2754K, committed 2816K, reserved 1048576K
Event: 1.679 GC heap after
Heap after GC invocations=30 (full 0):
 def new generation   total 4928K, used 512K [0x00000000c0000000, 0x00000000c0550000, 0x00000000d5550000)
  eden space 4416K,   0% used [0x00000000c0000000, 0x00000000c0000000, 0x00000000c0450000)
  from space 512K, 100% used [0x00000000c0450000, 0x00000000c04d0000, 0x00000000c04d0000)
  to   space 512K,   0% used [0x00000000c04d0000, 0x00000000c04d0000, 0x00000000c0550000)
 tenured generation   total 10944K, used 8922K [0x00000000d5550000, 0x00000000d6000000, 0x0000000100000000)
   the space 10944K,  81% used [0x00000000d5550000, 0x00000000d5e06a80, 0x00000000d5e06c00, 0x00000000d6000000)
 Metaspace       used 18441K, capacity 18752K, committed 18944K, reserved 1064960K
  class space    used 2613K, capacity 2754K, committed 2816K, reserved 1048576K
}
Event: 1.733 GC heap before
{Heap before GC invocations=30 (full 0):
 def new generation   total 4928K, used 4921K [0x00000000c0000000, 0x00000000c0550000, 0x00000000d5550000)
  eden space 4416K,  99% used [0x00000000c0000000, 0x00000000c044e6f8, 0x00000000c0450000)
  from space 512K, 100% used [0x00000000c0450000, 0x00000000c04d0000, 0x00000000c04d0000)
  to   space 512K,   0% used [0x00000000c04d0000, 0x00000000c04d0000, 0x00000000c0550000)
 tenured generation   total 10944K, used 8922K [0x00000000d5550000, 0x00000000d6000000, 0x0000000100000000)
   the space 10944K,  81% used [0x00000000d5550000, 0x00000000d5e06a80, 0x00000000d5e06c00, 0x00000000d6000000)
 Metaspace       used 19239K, capacity 19552K, committed 19712K, reserved 1067008K
  class space    used 2663K, capacity 2786K, committed 2816K, reserved 1048576K
Event: 1.737 GC heap after
Heap after GC invocations=31 (full 0):
 def new generation   total 4928K, used 511K [0x00000000c0000000, 0x00000000c0550000, 0x00000000d5550000)
  eden space 4416K,   0% used [0x00000000c0000000, 0x00000000c0000000, 0x00000000c0450000)
  from space 512K,  99% used [0x00000000c04d0000, 0x00000000c054fff0, 0x00000000c0550000)
  to   space 512K,   0% used [0x00000000c0450000, 0x00000000c0450000, 0x00000000c04d0000)
 tenured generation   total 10944K, used 9580K [0x00000000d5550000, 0x00000000d6000000, 0x0000000100000000)
   the space 10944K,  87% used [0x00000000d5550000, 0x00000000d5eab220, 0x00000000d5eab400, 0x00000000d6000000)
 Metaspace       used 19239K, capacity 19552K, committed 19712K, reserved 1067008K
  class space    used 2663K, capacity 2786K, committed 2816K, reserved 1048576K
}
Event: 1.811 GC heap before
{Heap before GC invocations=31 (full 0):
 def new generation   total 4928K, used 3432K [0x00000000c0000000, 0x00000000c0550000, 0x00000000d5550000)
  eden space 4416K,  66% used [0x00000000c0000000, 0x00000000c02da090, 0x00000000c0450000)
  from space 512K,  99% used [0x00000000c04d0000, 0x00000000c054fff0, 0x00000000c0550000)
  to   space 512K,   0% used [0x00000000c0450000, 0x00000000c0450000, 0x00000000c04d0000)
 tenured generation   total 10944K, used 9580K [0x00000000d5550000, 0x00000000d6000000, 0x0000000100000000)
   the space 10944K,  87% used [0x00000000d5550000, 0x00000000d5eab220, 0x00000000d5eab400, 0x00000000d6000000)
 Metaspace       used 20914K, capacity 21184K, committed 21248K, reserved 1067008K
  class space    used 2870K, capacity 3010K, committed 3072K, reserved 1048576K
Event: 1.857 GC heap after
Heap after GC invocations=32 (full 1):
 def new generation   total 5760K, used 0K [0x00000000c0000000, 0x00000000c0630000, 0x00000000d5550000)
  eden space 5184K,   0% used [0x00000000c0000000, 0x00000000c0000000, 0x00000000c0510000)
  from space 576K,   0% used [0x00000000c0510000, 0x00000000c0510000, 0x00000000c05a0000)
  to   space 576K,   0% used [0x00000000c05a0000, 0x00000000c05a0000, 0x00000000c0630000)
 tenured generation   total 12524K, used 7512K [0x00000000d5550000, 0x00000000d618b000, 0x0000000100000000)
   the space 12524K,  59% used [0x00000000d5550000, 0x00000000d5ca63f0, 0x00000000d5ca6400, 0x00000000d618b000)
 Metaspace       used 20914K, capacity 21184K, committed 21248K, reserved 1067008K
  class space    used 2870K, capacity 3010K, committed 3072K, reserved 1048576K
}
Event: 1.943 GC heap before
{Heap before GC invocations=32 (full 1):
 def new generation   total 5760K, used 5184K [0x00000000c0000000, 0x00000000c0630000, 0x00000000d5550000)
  eden space 5184K, 100% used [0x00000000c0000000, 0x00000000c0510000, 0x00000000c0510000)
  from space 576K,   0% used [0x00000000c0510000, 0x00000000c0510000, 0x00000000c05a0000)
  to   space 576K,   0% used [0x00000000c05a0000, 0x00000000c05a0000, 0x00000000c0630000)
 tenured generation   total 12524K, used 7512K [0x00000000d5550000, 0x00000000d618b000, 0x0000000100000000)
   the space 12524K,  59% used [0x00000000d5550000, 0x00000000d5ca63f0, 0x00000000d5ca6400, 0x00000000d618b000)
 Metaspace       used 21547K, capacity 21926K, committed 22144K, reserved 1069056K
  class space    used 2970K, capacity 3107K, committed 3200K, reserved 1048576K
Event: 1.946 GC heap after
Heap after GC invocations=33 (full 1):
 def new generation   total 5760K, used 575K [0x00000000c0000000, 0x00000000c0630000, 0x00000000d5550000)
  eden space 5184K,   0% used [0x00000000c0000000, 0x00000000c0000000, 0x00000000c0510000)
  from space 576K,  99% used [0x00000000c05a0000, 0x00000000c062fff8, 0x00000000c0630000)
  to   space 576K,   0% used [0x00000000c0510000, 0x00000000c0510000, 0x00000000c05a0000)
 tenured generation   total 12524K, used 7690K [0x00000000d5550000, 0x00000000d618b000, 0x0000000100000000)
   the space 12524K,  61% used [0x00000000d5550000, 0x00000000d5cd2ac8, 0x00000000d5cd2c00, 0x00000000d618b000)
 Metaspace       used 21547K, capacity 21926K, committed 22144K, reserved 1069056K
  class space    used 2970K, capacity 3107K, committed 3200K, reserved 1048576K
}
Event: 1.993 GC heap before
{Heap before GC invocations=33 (full 1):
 def new generation   total 5760K, used 5759K [0x00000000c0000000, 0x00000000c0630000, 0x00000000d5550000)
  eden space 5184K, 100% used [0x00000000c0000000, 0x00000000c0510000, 0x00000000c0510000)
  from space 576K,  99% used [0x00000000c05a0000, 0x00000000c062fff8, 0x00000000c0630000)
  to   space 576K,   0% used [0x00000000c0510000, 0x00000000c0510000, 0x00000000c05a0000)
 tenured generation   total 12524K, used 7690K [0x00000000d5550000, 0x00000000d618b000, 0x0000000100000000)
   the space 12524K,  61% used [0x00000000d5550000, 0x00000000d5cd2ac8, 0x00000000d5cd2c00, 0x00000000d618b000)
 Metaspace       used 21896K, capacity 22252K, committed 22400K, reserved 1069056K
  class space    used 3018K, capacity 3172K, committed 3200K, reserved 1048576K
Event: 1.996 GC heap after
Heap after GC invocations=34 (full 1):
 def new generation   total 5760K, used 531K [0x00000000c0000000, 0x00000000c0630000, 0x00000000d5550000)
  eden space 5184K,   0% used [0x00000000c0000000, 0x00000000c0000000, 0x00000000c0510000)
  from space 576K,  92% used [0x00000000c0510000, 0x00000000c0594ec8, 0x00000000c05a0000)
  to   space 576K,   0% used [0x00000000c05a0000, 0x00000000c05a0000, 0x00000000c0630000)
 tenured generation   total 12524K, used 8025K [0x00000000d5550000, 0x00000000d618b000, 0x0000000100000000)
   the space 12524K,  64% used [0x00000000d5550000, 0x00000000d5d26478, 0x00000000d5d26600, 0x00000000d618b000)
 Metaspace       used 21896K, capacity 22252K, committed 22400K, reserved 1069056K
  class space    used 3018K, capacity 3172K, committed 3200K, reserved 1048576K
}
Event: 2.045 GC heap before
{Heap before GC invocations=34 (full 1):
 def new generation   total 5760K, used 5715K [0x00000000c0000000, 0x00000000c0630000, 0x00000000d5550000)
  eden space 5184K, 100% used [0x00000000c0000000, 0x00000000c0510000, 0x00000000c0510000)
  from space 576K,  92% used [0x00000000c0510000, 0x00000000c0594ec8, 0x00000000c05a0000)
  to   space 576K,   0% used [0x00000000c05a0000, 0x00000000c05a0000, 0x00000000c0630000)
 tenured generation   total 12524K, used 8025K [0x00000000d5550000, 0x00000000d618b000, 0x0000000100000000)
   the space 12524K,  64% used [0x00000000d5550000, 0x00000000d5d26478, 0x00000000d5d26600, 0x00000000d618b000)
 Metaspace       used 22323K, capacity 22700K, committed 23040K, reserved 1069056K
  class space    used 3092K, capacity 3236K, committed 3328K, reserved 1048576K
Event: 2.047 GC heap after
Heap after GC invocations=35 (full 1):
 def new generation   total 5760K, used 487K [0x00000000c0000000, 0x00000000c0630000, 0x00000000d5550000)
  eden space 5184K,   0% used [0x00000000c0000000, 0x00000000c0000000, 0x00000000c0510000)
  from space 576K,  84% used [0x00000000c05a0000, 0x00000000c0619d78, 0x00000000c0630000)
  to   space 576K,   0% used [0x00000000c0510000, 0x00000000c0510000, 0x00000000c05a0000)
 tenured generation   total 12524K, used 8250K [0x00000000d5550000, 0x00000000d618b000, 0x0000000100000000)
   the space 12524K,  65% used [0x00000000d5550000, 0x00000000d5d5ea38, 0x00000000d5d5ec00, 0x00000000d618b000)
 Metaspace       used 22323K, capacity 22700K, committed 23040K, reserved 1069056K
  class space    used 3092K, capacity 3236K, committed 3328K, reserved 1048576K
}
Event: 2.097 GC heap before
{Heap before GC invocations=35 (full 1):
 def new generation   total 5760K, used 5671K [0x00000000c0000000, 0x00000000c0630000, 0x00000000d5550000)
  eden space 5184K, 100% used [0x00000000c0000000, 0x00000000c0510000, 0x00000000c0510000)
  from space 576K,  84% used [0x00000000c05a0000, 0x00000000c0619d78, 0x00000000c0630000)
  to   space 576K,   0% used [0x00000000c0510000, 0x00000000c0510000, 0x00000000c05a0000)
 tenured generation   total 12524K, used 8250K [0x00000000d5550000, 0x00000000d618b000, 0x0000000100000000)
   the space 12524K,  65% used [0x00000000d5550000, 0x00000000d5d5ea38, 0x00000000d5d5ec00, 0x00000000d618b000)
 Metaspace       used 22788K, capacity 23148K, committed 23296K, reserved 1069056K
  class space    used 3164K, capacity 3300K, committed 3328K, reserved 1048576K
Event: 2.099 GC heap after
Heap after GC invocations=36 (full 1):
 def new generation   total 5760K, used 575K [0x00000000c0000000, 0x00000000c0630000, 0x00000000d5550000)
  eden space 5184K,   0% used [0x00000000c0000000, 0x00000000c0000000, 0x00000000c0510000)
  from space 576K,  99% used [0x00000000c0510000, 0x00000000c059ffb8, 0x00000000c05a0000)
  to   space 576K,   0% used [0x00000000c05a0000, 0x00000000c05a0000, 0x00000000c0630000)
 tenured generation   total 12524K, used 8327K [0x00000000d5550000, 0x00000000d618b000, 0x0000000100000000)
   the space 12524K,  66% used [0x00000000d5550000, 0x00000000d5d71c38, 0x00000000d5d71e00, 0x00000000d618b000)
 Metaspace       used 22788K, capacity 23148K, committed 23296K, reserved 1069056K
  class space    used 3164K, capacity 3300K, committed 3328K, reserved 1048576K
}
Event: 2.170 GC heap before
{Heap before GC invocations=36 (full 1):
 def new generation   total 5760K, used 5759K [0x00000000c0000000, 0x00000000c0630000, 0x00000000d5550000)
  eden space 5184K, 100% used [0x00000000c0000000, 0x00000000c0510000, 0x00000000c0510000)
  from space 576K,  99% used [0x00000000c0510000, 0x00000000c059ffb8, 0x00000000c05a0000)
  to   space 576K,   0% used [0x00000000c05a0000, 0x00000000c05a0000, 0x00000000c0630000)
 tenured generation   total 12524K, used 8327K [0x00000000d5550000, 0x00000000d618b000, 0x0000000100000000)
   the space 12524K,  66% used [0x00000000d5550000, 0x00000000d5d71c38, 0x00000000d5d71e00, 0x00000000d618b000)
 Metaspace       used 23372K, capacity 23756K, committed 23936K, reserved 1069056K
  class space    used 3276K, capacity 3396K, committed 3456K, reserved 1048576K
Event: 2.173 GC heap after
Heap after GC invocations=37 (full 1):
 def new generation   total 5760K, used 576K [0x00000000c0000000, 0x00000000c0630000, 0x00000000d5550000)
  eden space 5184K,   0% used [0x00000000c0000000, 0x00000000c0000000, 0x00000000c0510000)
  from space 576K, 100% used [0x00000000c05a0000, 0x00000000c0630000, 0x00000000c0630000)
  to   space 576K,   0% used [0x00000000c0510000, 0x00000000c0510000, 0x00000000c05a0000)
 tenured generation   total 12524K, used 8509K [0x00000000d5550000, 0x00000000d618b000, 0x0000000100000000)
   the space 12524K,  67% used [0x00000000d5550000, 0x00000000d5d9f7a8, 0x00000000d5d9f800, 0x00000000d618b000)
 Metaspace       used 23372K, capacity 23756K, committed 23936K, reserved 1069056K
  class space    used 3276K, capacity 3396K, committed 3456K, reserved 1048576K
}
Event: 2.236 GC heap before
{Heap before GC invocations=37 (full 1):
 def new generation   total 5760K, used 5760K [0x00000000c0000000, 0x00000000c0630000, 0x00000000d5550000)
  eden space 5184K, 100% used [0x00000000c0000000, 0x00000000c0510000, 0x00000000c0510000)
  from space 576K, 100% used [0x00000000c05a0000, 0x00000000c0630000, 0x00000000c0630000)
  to   space 576K,   0% used [0x00000000c0510000, 0x00000000c0510000, 0x00000000c05a0000)
 tenured generation   total 12524K, used 8509K [0x00000000d5550000, 0x00000000d618b000, 0x0000000100000000)
   the space 12524K,  67% used [0x00000000d5550000, 0x00000000d5d9f7a8, 0x00000000d5d9f800, 0x00000000d618b000)
 Metaspace       used 23747K, capacity 24076K, committed 24320K, reserved 1071104K
  class space    used 3340K, capacity 3460K, committed 3584K, reserved 1048576K
Event: 2.240 GC heap after
Heap after GC invocations=38 (full 1):
 def new generation   total 5760K, used 513K [0x00000000c0000000, 0x00000000c0630000, 0x00000000d5550000)
  eden space 5184K,   0% used [0x00000000c0000000, 0x00000000c0000000, 0x00000000c0510000)
  from space 576K,  89% used [0x00000000c0510000, 0x00000000c0590480, 0x00000000c05a0000)
  to   space 576K,   0% used [0x00000000c05a0000, 0x00000000c05a0000, 0x00000000c0630000)
 tenured generation   total 12524K, used 8666K [0x00000000d5550000, 0x00000000d618b000, 0x0000000100000000)
   the space 12524K,  69% used [0x00000000d5550000, 0x00000000d5dc6858, 0x00000000d5dc6a00, 0x00000000d618b000)
 Metaspace       used 23747K, capacity 24076K, committed 24320K, reserved 1071104K
  class space    used 3340K, capacity 3460K, committed 3584K, reserved 1048576K
}
Event: 2.298 GC heap before
{Heap before GC invocations=38 (full 1):
 def new generation   total 5760K, used 5697K [0x00000000c0000000, 0x00000000c0630000, 0x00000000d5550000)
  eden space 5184K, 100% used [0x00000000c0000000, 0x00000000c0510000, 0x00000000c0510000)
  from space 576K,  89% used [0x00000000c0510000, 0x00000000c0590480, 0x00000000c05a0000)
  to   space 576K,   0% used [0x00000000c05a0000, 0x00000000c05a0000, 0x00000000c0630000)
 tenured generation   total 12524K, used 8666K [0x00000000d5550000, 0x00000000d618b000, 0x0000000100000000)
   the space 12524K,  69% used [0x00000000d5550000, 0x00000000d5dc6858, 0x00000000d5dc6a00, 0x00000000d618b000)
 Metaspace       used 24565K, capacity 24908K, committed 25088K, reserved 1071104K
  class space    used 3380K, capacity 3524K, committed 3584K, reserved 1048576K
Event: 2.300 GC heap after
Heap after GC invocations=39 (full 1):
 def new generation   total 5760K, used 318K [0x00000000c0000000, 0x00000000c0630000, 0x00000000d5550000)
  eden space 5184K,   0% used [0x00000000c0000000, 0x00000000c0000000, 0x00000000c0510000)
  from space 576K,  55% used [0x00000000c05a0000, 0x00000000c05efab0, 0x00000000c0630000)
  to   space 576K,   0% used [0x00000000c0510000, 0x00000000c0510000, 0x00000000c05a0000)
 tenured generation   total 12524K, used 8783K [0x00000000d5550000, 0x00000000d618b000, 0x0000000100000000)
   the space 12524K,  70% used [0x00000000d5550000, 0x00000000d5de3fd8, 0x00000000d5de4000, 0x00000000d618b000)
 Metaspace       used 24565K, capacity 24908K, committed 25088K, reserved 1071104K
  class space    used 3380K, capacity 3524K, committed 3584K, reserved 1048576K
}
Event: 2.375 GC heap before
{Heap before GC invocations=39 (full 1):
 def new generation   total 5760K, used 5502K [0x00000000c0000000, 0x00000000c0630000, 0x00000000d5550000)
  eden space 5184K, 100% used [0x00000000c0000000, 0x00000000c0510000, 0x00000000c0510000)
  from space 576K,  55% used [0x00000000c05a0000, 0x00000000c05efab0, 0x00000000c0630000)
  to   space 576K,   0% used [0x00000000c0510000, 0x00000000c0510000, 0x00000000c05a0000)
 tenured generation   total 12524K, used 8783K [0x00000000d5550000, 0x00000000d618b000, 0x0000000100000000)
   the space 12524K,  70% used [0x00000000d5550000, 0x00000000d5de3fd8, 0x00000000d5de4000, 0x00000000d618b000)
 Metaspace       used 25082K, capacity 25464K, committed 25728K, reserved 1071104K
  class space    used 3484K, capacity 3622K, committed 3712K, reserved 1048576K
Event: 2.378 GC heap after
Heap after GC invocations=40 (full 1):
 def new generation   total 5760K, used 575K [0x00000000c0000000, 0x00000000c0630000, 0x00000000d5550000)
  eden space 5184K,   0% used [0x00000000c0000000, 0x00000000c0000000, 0x00000000c0510000)
  from space 576K,  99% used [0x00000000c0510000, 0x00000000c059fff0, 0x00000000c05a0000)
  to   space 576K,   0% used [0x00000000c05a0000, 0x00000000c05a0000, 0x00000000c0630000)
 tenured generation   total 12524K, used 8865K [0x00000000d5550000, 0x00000000d618b000, 0x0000000100000000)
   the space 12524K,  70% used [0x00000000d5550000, 0x00000000d5df8770, 0x00000000d5df8800, 0x00000000d618b000)
 Metaspace       used 25082K, capacity 25464K, committed 25728K, reserved 1071104K
  class space    used 3484K, capacity 3622K, committed 3712K, reserved 1048576K
}
Event: 2.455 GC heap before
{Heap before GC invocations=40 (full 1):
 def new generation   total 5760K, used 5759K [0x00000000c0000000, 0x00000000c0630000, 0x00000000d5550000)
  eden space 5184K, 100% used [0x00000000c0000000, 0x00000000c0510000, 0x00000000c0510000)
  from space 576K,  99% used [0x00000000c0510000, 0x00000000c059fff0, 0x00000000c05a0000)
  to   space 576K,   0% used [0x00000000c05a0000, 0x00000000c05a0000, 0x00000000c0630000)
 tenured generation   total 12524K, used 8865K [0x00000000d5550000, 0x00000000d618b000, 0x0000000100000000)
   the space 12524K,  70% used [0x00000000d5550000, 0x00000000d5df8770, 0x00000000d5df8800, 0x00000000d618b000)
 Metaspace       used 25746K, capacity 26072K, committed 26368K, reserved 1071104K
  class space    used 3601K, capacity 3718K, committed 3840K, reserved 1048576K
Event: 2.458 GC heap after
Heap after GC invocations=41 (full 1):
 def new generation   total 5760K, used 576K [0x00000000c0000000, 0x00000000c0630000, 0x00000000d5550000)
  eden space 5184K,   0% used [0x00000000c0000000, 0x00000000c0000000, 0x00000000c0510000)
  from space 576K, 100% used [0x00000000c05a0000, 0x00000000c0630000, 0x00000000c0630000)
  to   space 576K,   0% used [0x00000000c0510000, 0x00000000c0510000, 0x00000000c05a0000)
 tenured generation   total 12524K, used 9296K [0x00000000d5550000, 0x00000000d618b000, 0x0000000100000000)
   the space 12524K,  74% used [0x00000000d5550000, 0x00000000d5e641c0, 0x00000000d5e64200, 0x00000000d618b000)
 Metaspace       used 25746K, capacity 26072K, committed 26368K, reserved 1071104K
  class space    used 3601K, capacity 3718K, committed 3840K, reserved 1048576K
}
Event: 33.131 GC heap before
{Heap before GC invocations=41 (full 1):
 def new generation   total 5760K, used 5760K [0x00000000c0000000, 0x00000000c0630000, 0x00000000d5550000)
  eden space 5184K, 100% used [0x00000000c0000000, 0x00000000c0510000, 0x00000000c0510000)
  from space 576K, 100% used [0x00000000c05a0000, 0x00000000c0630000, 0x00000000c0630000)
  to   space 576K,   0% used [0x00000000c0510000, 0x00000000c0510000, 0x00000000c05a0000)
 tenured generation   total 12524K, used 9296K [0x00000000d5550000, 0x00000000d618b000, 0x0000000100000000)
   the space 12524K,  74% used [0x00000000d5550000, 0x00000000d5e641c0, 0x00000000d5e64200, 0x00000000d618b000)
 Metaspace       used 26331K, capacity 26620K, committed 26880K, reserved 1073152K
  class space    used 3682K, capacity 3788K, committed 3840K, reserved 1048576K
Event: 33.135 GC heap after
Heap after GC invocations=42 (full 1):
 def new generation   total 5760K, used 576K [0x00000000c0000000, 0x00000000c0630000, 0x00000000d5550000)
  eden space 5184K,   0% used [0x00000000c0000000, 0x00000000c0000000, 0x00000000c0510000)
  from space 576K, 100% used [0x00000000c0510000, 0x00000000c05a0000, 0x00000000c05a0000)
  to   space 576K,   0% used [0x00000000c05a0000, 0x00000000c05a0000, 0x00000000c0630000)
 tenured generation   total 12524K, used 9660K [0x00000000d5550000, 0x00000000d618b000, 0x0000000100000000)
   the space 12524K,  77% used [0x00000000d5550000, 0x00000000d5ebf268, 0x00000000d5ebf400, 0x00000000d618b000)
 Metaspace       used 26331K, capacity 26620K, committed 26880K, reserved 1073152K
  class space    used 3682K, capacity 3788K, committed 3840K, reserved 1048576K
}
Event: 33.243 GC heap before
{Heap before GC invocations=42 (full 1):
 def new generation   total 5760K, used 5760K [0x00000000c0000000, 0x00000000c0630000, 0x00000000d5550000)
  eden space 5184K, 100% used [0x00000000c0000000, 0x00000000c0510000, 0x00000000c0510000)
  from space 576K, 100% used [0x00000000c0510000, 0x00000000c05a0000, 0x00000000c05a0000)
  to   space 576K,   0% used [0x00000000c05a0000, 0x00000000c05a0000, 0x00000000c0630000)
 tenured generation   total 12524K, used 9660K [0x00000000d5550000, 0x00000000d618b000, 0x0000000100000000)
   the space 12524K,  77% used [0x00000000d5550000, 0x00000000d5ebf268, 0x00000000d5ebf400, 0x00000000d618b000)
 Metaspace       used 26986K, capacity 27388K, committed 27776K, reserved 1073152K
  class space    used 3779K, capacity 3916K, committed 3968K, reserved 1048576K
Event: 33.247 GC heap after
Heap after GC invocations=43 (full 1):
 def new generation   total 5760K, used 575K [0x00000000c0000000, 0x00000000c0630000, 0x00000000d5550000)
  eden space 5184K,   0% used [0x00000000c0000000, 0x00000000c0000000, 0x00000000c0510000)
  from space 576K,  99% used [0x00000000c05a0000, 0x00000000c062fff8, 0x00000000c0630000)
  to   space 576K,   0% used [0x00000000c0510000, 0x00000000c0510000, 0x00000000c05a0000)
 tenured generation   total 12524K, used 10176K [0x00000000d5550000, 0x00000000d618b000, 0x0000000100000000)
   the space 12524K,  81% used [0x00000000d5550000, 0x00000000d5f40370, 0x00000000d5f40400, 0x00000000d618b000)
 Metaspace       used 26986K, capacity 27388K, committed 27776K, reserved 1073152K
  class space    used 3779K, capacity 3916K, committed 3968K, reserved 1048576K
}
Event: 33.330 GC heap before
{Heap before GC invocations=43 (full 1):
 def new generation   total 5760K, used 5759K [0x00000000c0000000, 0x00000000c0630000, 0x00000000d5550000)
  eden space 5184K, 100% used [0x00000000c0000000, 0x00000000c0510000, 0x00000000c0510000)
  from space 576K,  99% used [0x00000000c05a0000, 0x00000000c062fff8, 0x00000000c0630000)
  to   space 576K,   0% used [0x00000000c0510000, 0x00000000c0510000, 0x00000000c05a0000)
 tenured generation   total 12524K, used 10176K [0x00000000d5550000, 0x00000000d618b000, 0x0000000100000000)
   the space 12524K,  81% used [0x00000000d5550000, 0x00000000d5f40370, 0x00000000d5f40400, 0x00000000d618b000)
 Metaspace       used 27347K, capacity 27708K, committed 28160K, reserved 1073152K
  class space    used 3830K, capacity 3980K, committed 4096K, reserved 1048576K
Event: 33.333 GC heap after
Heap after GC invocations=44 (full 1):
 def new generation   total 5760K, used 575K [0x00000000c0000000, 0x00000000c0630000, 0x00000000d5550000)
  eden space 5184K,   0% used [0x00000000c0000000, 0x00000000c0000000, 0x00000000c0510000)
  from space 576K,  99% used [0x00000000c0510000, 0x00000000c059ffd0, 0x00000000c05a0000)
  to   space 576K,   0% used [0x00000000c05a0000, 0x00000000c05a0000, 0x00000000c0630000)
 tenured generation   total 12524K, used 10429K [0x00000000d5550000, 0x00000000d618b000, 0x0000000100000000)
   the space 12524K,  83% used [0x00000000d5550000, 0x00000000d5f7f550, 0x00000000d5f7f600, 0x00000000d618b000)
 Metaspace       used 27347K, capacity 27708K, committed 28160K, reserved 1073152K
  class space    used 3830K, capacity 3980K, committed 4096K, reserved 1048576K
}
Event: 33.375 GC heap before
{Heap before GC invocations=44 (full 1):
 def new generation   total 5760K, used 5759K [0x00000000c0000000, 0x00000000c0630000, 0x00000000d5550000)
  eden space 5184K, 100% used [0x00000000c0000000, 0x00000000c0510000, 0x00000000c0510000)
  from space 576K,  99% used [0x00000000c0510000, 0x00000000c059ffd0, 0x00000000c05a0000)
  to   space 576K,   0% used [0x00000000c05a0000, 0x00000000c05a0000, 0x00000000c0630000)
 tenured generation   total 12524K, used 10429K [0x00000000d5550000, 0x00000000d618b000, 0x0000000100000000)
   the space 12524K,  83% used [0x00000000d5550000, 0x00000000d5f7f550, 0x00000000d5f7f600, 0x00000000d618b000)
 Metaspace       used 27948K, capacity 28252K, committed 28416K, reserved 1073152K
  class space    used 3932K, capacity 4076K, committed 4096K, reserved 1048576K
Event: 33.378 GC heap after
Heap after GC invocations=45 (full 1):
 def new generation   total 5760K, used 575K [0x00000000c0000000, 0x00000000c0630000, 0x00000000d5550000)
  eden space 5184K,   0% used [0x00000000c0000000, 0x00000000c0000000, 0x00000000c0510000)
  from space 576K,  99% used [0x00000000c05a0000, 0x00000000c062fff8, 0x00000000c0630000)
  to   space 576K,   0% used [0x00000000c0510000, 0x00000000c0510000, 0x00000000c05a0000)
 tenured generation   total 12524K, used 10781K [0x00000000d5550000, 0x00000000d618b000, 0x0000000100000000)
   the space 12524K,  86% used [0x00000000d5550000, 0x00000000d5fd7420, 0x00000000d5fd7600, 0x00000000d618b000)
 Metaspace       used 27948K, capacity 28252K, committed 28416K, reserved 1073152K
  class space    used 3932K, capacity 4076K, committed 4096K, reserved 1048576K
}
Event: 33.457 GC heap before
{Heap before GC invocations=45 (full 1):
 def new generation   total 5760K, used 5759K [0x00000000c0000000, 0x00000000c0630000, 0x00000000d5550000)
  eden space 5184K, 100% used [0x00000000c0000000, 0x00000000c0510000, 0x00000000c0510000)
  from space 576K,  99% used [0x00000000c05a0000, 0x00000000c062fff8, 0x00000000c0630000)
  to   space 576K,   0% used [0x00000000c0510000, 0x00000000c0510000, 0x00000000c05a0000)
 tenured generation   total 12524K, used 10781K [0x00000000d5550000, 0x00000000d618b000, 0x0000000100000000)
   the space 12524K,  86% used [0x00000000d5550000, 0x00000000d5fd7420, 0x00000000d5fd7600, 0x00000000d618b000)
 Metaspace       used 28830K, capacity 29218K, committed 29568K, reserved 1075200K
  class space    used 4004K, capacity 4141K, committed 4224K, reserved 1048576K
Event: 33.460 GC heap after
Heap after GC invocations=46 (full 1):
 def new generation   total 5760K, used 575K [0x00000000c0000000, 0x00000000c0630000, 0x00000000d5550000)
  eden space 5184K,   0% used [0x00000000c0000000, 0x00000000c0000000, 0x00000000c0510000)
  from space 576K,  99% used [0x00000000c0510000, 0x00000000c059fff8, 0x00000000c05a0000)
  to   space 576K,   0% used [0x00000000c05a0000, 0x00000000c05a0000, 0x00000000c0630000)
 tenured generation   total 12524K, used 11085K [0x00000000d5550000, 0x00000000d618b000, 0x0000000100000000)
   the space 12524K,  88% used [0x00000000d5550000, 0x00000000d6023780, 0x00000000d6023800, 0x00000000d618b000)
 Metaspace       used 28830K, capacity 29218K, committed 29568K, reserved 1075200K
  class space    used 4004K, capacity 4141K, committed 4224K, reserved 1048576K
}
Event: 33.533 GC heap before
{Heap before GC invocations=46 (full 1):
 def new generation   total 5760K, used 5759K [0x00000000c0000000, 0x00000000c0630000, 0x00000000d5550000)
  eden space 5184K, 100% used [0x00000000c0000000, 0x00000000c0510000, 0x00000000c0510000)
  from space 576K,  99% used [0x00000000c0510000, 0x00000000c059fff8, 0x00000000c05a0000)
  to   space 576K,   0% used [0x00000000c05a0000, 0x00000000c05a0000, 0x00000000c0630000)
 tenured generation   total 12524K, used 11085K [0x00000000d5550000, 0x00000000d618b000, 0x0000000100000000)
   the space 12524K,  88% used [0x00000000d5550000, 0x00000000d6023780, 0x00000000d6023800, 0x00000000d618b000)
 Metaspace       used 29650K, capacity 30024K, committed 30464K, reserved 1075200K
  class space    used 4081K, capacity 4238K, committed 4352K, reserved 1048576K
Event: 33.536 GC heap after
Heap after GC invocations=47 (full 1):
 def new generation   total 5760K, used 576K [0x00000000c0000000, 0x00000000c0630000, 0x00000000d5550000)
  eden space 5184K,   0% used [0x00000000c0000000, 0x00000000c0000000, 0x00000000c0510000)
  from space 576K, 100% used [0x00000000c05a0000, 0x00000000c0630000, 0x00000000c0630000)
  to   space 576K,   0% used [0x00000000c0510000, 0x00000000c0510000, 0x00000000c05a0000)
 tenured generation   total 12524K, used 11864K [0x00000000d5550000, 0x00000000d618b000, 0x0000000100000000)
   the space 12524K,  94% used [0x00000000d5550000, 0x00000000d60e60e8, 0x00000000d60e6200, 0x00000000d618b000)
 Metaspace       used 29650K, capacity 30024K, committed 30464K, reserved 1075200K
  class space    used 4081K, capacity 4238K, committed 4352K, reserved 1048576K
}
Event: 33.578 GC heap before
{Heap before GC invocations=47 (full 1):
 def new generation   total 5760K, used 5280K [0x00000000c0000000, 0x00000000c0630000, 0x00000000d5550000)
  eden space 5184K,  90% used [0x00000000c0000000, 0x00000000c0498318, 0x00000000c0510000)
  from space 576K, 100% used [0x00000000c05a0000, 0x00000000c0630000, 0x00000000c0630000)
  to   space 576K,   0% used [0x00000000c0510000, 0x00000000c0510000, 0x00000000c05a0000)
 tenured generation   total 12524K, used 11864K [0x00000000d5550000, 0x00000000d618b000, 0x0000000100000000)
   the space 12524K,  94% used [0x00000000d5550000, 0x00000000d60e60e8, 0x00000000d60e6200, 0x00000000d618b000)
 Metaspace       used 29940K, capacity 30290K, committed 30720K, reserved 1075200K
  class space    used 4107K, capacity 4240K, committed 4352K, reserved 1048576K
Event: 33.619 GC heap after
Heap after GC invocations=48 (full 2):
 def new generation   total 8320K, used 0K [0x00000000c0000000, 0x00000000c0900000, 0x00000000d5550000)
  eden space 7424K,   0% used [0x00000000c0000000, 0x00000000c0000000, 0x00000000c0740000)
  from space 896K,   0% used [0x00000000c0740000, 0x00000000c0740000, 0x00000000c0820000)
  to   space 896K,   0% used [0x00000000c0820000, 0x00000000c0820000, 0x00000000c0900000)
 tenured generation   total 18196K, used 10917K [0x00000000d5550000, 0x00000000d6715000, 0x0000000100000000)
   the space 18196K,  59% used [0x00000000d5550000, 0x00000000d5ff9560, 0x00000000d5ff9600, 0x00000000d6715000)
 Metaspace       used 29940K, capacity 30290K, committed 30720K, reserved 1075200K
  class space    used 4107K, capacity 4240K, committed 4352K, reserved 1048576K
}
Event: 33.749 GC heap before
{Heap before GC invocations=48 (full 2):
 def new generation   total 8320K, used 7424K [0x00000000c0000000, 0x00000000c0900000, 0x00000000d5550000)
  eden space 7424K, 100% used [0x00000000c0000000, 0x00000000c0740000, 0x00000000c0740000)
  from space 896K,   0% used [0x00000000c0740000, 0x00000000c0740000, 0x00000000c0820000)
  to   space 896K,   0% used [0x00000000c0820000, 0x00000000c0820000, 0x00000000c0900000)
 tenured generation   total 18196K, used 10917K [0x00000000d5550000, 0x00000000d6715000, 0x0000000100000000)
   the space 18196K,  59% used [0x00000000d5550000, 0x00000000d5ff9560, 0x00000000d5ff9600, 0x00000000d6715000)
 Metaspace       used 31544K, capacity 32012K, committed 32384K, reserved 1077248K
  class space    used 4227K, capacity 4387K, committed 4480K, reserved 1048576K
Event: 33.753 GC heap after
Heap after GC invocations=49 (full 2):
 def new generation   total 8320K, used 895K [0x00000000c0000000, 0x00000000c0900000, 0x00000000d5550000)
  eden space 7424K,   0% used [0x00000000c0000000, 0x00000000c0000000, 0x00000000c0740000)
  from space 896K,  99% used [0x00000000c0820000, 0x00000000c08ffff8, 0x00000000c0900000)
  to   space 896K,   0% used [0x00000000c0740000, 0x00000000c0740000, 0x00000000c0820000)
 tenured generation   total 18196K, used 11158K [0x00000000d5550000, 0x00000000d6715000, 0x0000000100000000)
   the space 18196K,  61% used [0x00000000d5550000, 0x00000000d6035b90, 0x00000000d6035c00, 0x00000000d6715000)
 Metaspace       used 31544K, capacity 32012K, committed 32384K, reserved 1077248K
  class space    used 4227K, capacity 4387K, committed 4480K, reserved 1048576K
}
Event: 80.877 GC heap before
{Heap before GC invocations=49 (full 2):
 def new generation   total 8320K, used 8319K [0x00000000c0000000, 0x00000000c0900000, 0x00000000d5550000)
  eden space 7424K, 100% used [0x00000000c0000000, 0x00000000c0740000, 0x00000000c0740000)
  from space 896K,  99% used [0x00000000c0820000, 0x00000000c08ffff8, 0x00000000c0900000)
  to   space 896K,   0% used [0x00000000c0740000, 0x00000000c0740000, 0x00000000c0820000)
 tenured generation   total 18196K, used 11158K [0x00000000d5550000, 0x00000000d6715000, 0x0000000100000000)
   the space 18196K,  61% used [0x00000000d5550000, 0x00000000d6035b90, 0x00000000d6035c00, 0x00000000d6715000)
 Metaspace       used 31832K, capacity 32246K, committed 32640K, reserved 1077248K
  class space    used 4283K, capacity 4421K, committed 4480K, reserved 1048576K
Event: 80.881 GC heap after
Heap after GC invocations=50 (full 2):
 def new generation   total 8320K, used 389K [0x00000000c0000000, 0x00000000c0900000, 0x00000000d5550000)
  eden space 7424K,   0% used [0x00000000c0000000, 0x00000000c0000000, 0x00000000c0740000)
  from space 896K,  43% used [0x00000000c0740000, 0x00000000c07a16a8, 0x00000000c0820000)
  to   space 896K,   0% used [0x00000000c0820000, 0x00000000c0820000, 0x00000000c0900000)
 tenured generation   total 18196K, used 11561K [0x00000000d5550000, 0x00000000d6715000, 0x0000000100000000)
   the space 18196K,  63% used [0x00000000d5550000, 0x00000000d609a5c0, 0x00000000d609a600, 0x00000000d6715000)
 Metaspace       used 31832K, capacity 32246K, committed 32640K, reserved 1077248K
  class space    used 4283K, capacity 4421K, committed 4480K, reserved 1048576K
}
Event: 275.774 GC heap before
{Heap before GC invocations=50 (full 2):
 def new generation   total 8320K, used 7813K [0x00000000c0000000, 0x00000000c0900000, 0x00000000d5550000)
  eden space 7424K, 100% used [0x00000000c0000000, 0x00000000c0740000, 0x00000000c0740000)
  from space 896K,  43% used [0x00000000c0740000, 0x00000000c07a16a8, 0x00000000c0820000)
  to   space 896K,   0% used [0x00000000c0820000, 0x00000000c0820000, 0x00000000c0900000)
 tenured generation   total 18196K, used 11561K [0x00000000d5550000, 0x00000000d6715000, 0x0000000100000000)
   the space 18196K,  63% used [0x00000000d5550000, 0x00000000d609a5c0, 0x00000000d609a600, 0x00000000d6715000)
 Metaspace       used 32458K, capacity 32936K, committed 33280K, reserved 1077248K
  class space    used 4352K, capacity 4522K, committed 4608K, reserved 1048576K
Event: 275.778 GC heap after
Heap after GC invocations=51 (full 2):
 def new generation   total 8320K, used 896K [0x00000000c0000000, 0x00000000c0900000, 0x00000000d5550000)
  eden space 7424K,   0% used [0x00000000c0000000, 0x00000000c0000000, 0x00000000c0740000)
  from space 896K, 100% used [0x00000000c0820000, 0x00000000c0900000, 0x00000000c0900000)
  to   space 896K,   0% used [0x00000000c0740000, 0x00000000c0740000, 0x00000000c0820000)
 tenured generation   total 18196K, used 11818K [0x00000000d5550000, 0x00000000d6715000, 0x0000000100000000)
   the space 18196K,  64% used [0x00000000d5550000, 0x00000000d60daa98, 0x00000000d60dac00, 0x00000000d6715000)
 Metaspace       used 32458K, capacity 32936K, committed 33280K, reserved 1077248K
  class space    used 4352K, capacity 4522K, committed 4608K, reserved 1048576K
}
Event: 275.852 GC heap before
{Heap before GC invocations=51 (full 2):
 def new generation   total 8320K, used 8320K [0x00000000c0000000, 0x00000000c0900000, 0x00000000d5550000)
  eden space 7424K, 100% used [0x00000000c0000000, 0x00000000c0740000, 0x00000000c0740000)
  from space 896K, 100% used [0x00000000c0820000, 0x00000000c0900000, 0x00000000c0900000)
  to   space 896K,   0% used [0x00000000c0740000, 0x00000000c0740000, 0x00000000c0820000)
 tenured generation   total 18196K, used 11818K [0x00000000d5550000, 0x00000000d6715000, 0x0000000100000000)
   the space 18196K,  64% used [0x00000000d5550000, 0x00000000d60daa98, 0x00000000d60dac00, 0x00000000d6715000)
 Metaspace       used 32686K, capacity 33114K, committed 33536K, reserved 1079296K
  class space    used 4386K, capacity 4557K, committed 4608K, reserved 1048576K
Event: 275.858 GC heap after
Heap after GC invocations=52 (full 2):
 def new generation   total 8320K, used 820K [0x00000000c0000000, 0x00000000c0900000, 0x00000000d5550000)
  eden space 7424K,   0% used [0x00000000c0000000, 0x00000000c0000000, 0x00000000c0740000)
  from space 896K,  91% used [0x00000000c0740000, 0x00000000c080d338, 0x00000000c0820000)
  to   space 896K,   0% used [0x00000000c0820000, 0x00000000c0820000, 0x00000000c0900000)
 tenured generation   total 18196K, used 12584K [0x00000000d5550000, 0x00000000d6715000, 0x0000000100000000)
   the space 18196K,  69% used [0x00000000d5550000, 0x00000000d619a268, 0x00000000d619a400, 0x00000000d6715000)
 Metaspace       used 32686K, capacity 33114K, committed 33536K, reserved 1079296K
  class space    used 4386K, capacity 4557K, committed 4608K, reserved 1048576K
}
Event: 275.921 GC heap before
{Heap before GC invocations=52 (full 2):
 def new generation   total 8320K, used 8244K [0x00000000c0000000, 0x00000000c0900000, 0x00000000d5550000)
  eden space 7424K, 100% used [0x00000000c0000000, 0x00000000c0740000, 0x00000000c0740000)
  from space 896K,  91% used [0x00000000c0740000, 0x00000000c080d338, 0x00000000c0820000)
  to   space 896K,   0% used [0x00000000c0820000, 0x00000000c0820000, 0x00000000c0900000)
 tenured generation   total 18196K, used 12584K [0x00000000d5550000, 0x00000000d6715000, 0x0000000100000000)
   the space 18196K,  69% used [0x00000000d5550000, 0x00000000d619a268, 0x00000000d619a400, 0x00000000d6715000)
 Metaspace       used 33187K, capacity 33626K, committed 33920K, reserved 1079296K
  class space    used 4495K, capacity 4685K, committed 4736K, reserved 1048576K
Event: 275.926 GC heap after
Heap after GC invocations=53 (full 2):
 def new generation   total 8320K, used 577K [0x00000000c0000000, 0x00000000c0900000, 0x00000000d5550000)
  eden space 7424K,   0% used [0x00000000c0000000, 0x00000000c0000000, 0x00000000c0740000)
  from space 896K,  64% used [0x00000000c0820000, 0x00000000c08b06f8, 0x00000000c0900000)
  to   space 896K,   0% used [0x00000000c0740000, 0x00000000c0740000, 0x00000000c0820000)
 tenured generation   total 18196K, used 13199K [0x00000000d5550000, 0x00000000d6715000, 0x0000000100000000)
   the space 18196K,  72% used [0x00000000d5550000, 0x00000000d6233eb8, 0x00000000d6234000, 0x00000000d6715000)
 Metaspace       used 33187K, capacity 33626K, committed 33920K, reserved 1079296K
  class space    used 4495K, capacity 4685K, committed 4736K, reserved 1048576K
}
Event: 275.978 GC heap before
{Heap before GC invocations=53 (full 2):
 def new generation   total 8320K, used 8001K [0x00000000c0000000, 0x00000000c0900000, 0x00000000d5550000)
  eden space 7424K, 100% used [0x00000000c0000000, 0x00000000c0740000, 0x00000000c0740000)
  from space 896K,  64% used [0x00000000c0820000, 0x00000000c08b06f8, 0x00000000c0900000)
  to   space 896K,   0% used [0x00000000c0740000, 0x00000000c0740000, 0x00000000c0820000)
 tenured generation   total 18196K, used 13199K [0x00000000d5550000, 0x00000000d6715000, 0x0000000100000000)
   the space 18196K,  72% used [0x00000000d5550000, 0x00000000d6233eb8, 0x00000000d6234000, 0x00000000d6715000)
 Metaspace       used 33584K, capacity 34010K, committed 34304K, reserved 1079296K
  class space    used 4576K, capacity 4749K, committed 4864K, reserved 1048576K
Event: 275.980 GC heap after
Heap after GC invocations=54 (full 2):
 def new generation   total 8320K, used 530K [0x00000000c0000000, 0x00000000c0900000, 0x00000000d5550000)
  eden space 7424K,   0% used [0x00000000c0000000, 0x00000000c0000000, 0x00000000c0740000)
  from space 896K,  59% used [0x00000000c0740000, 0x00000000c07c4aa0, 0x00000000c0820000)
  to   space 896K,   0% used [0x00000000c0820000, 0x00000000c0820000, 0x00000000c0900000)
 tenured generation   total 18196K, used 13365K [0x00000000d5550000, 0x00000000d6715000, 0x0000000100000000)
   the space 18196K,  73% used [0x00000000d5550000, 0x00000000d625d400, 0x00000000d625d400, 0x00000000d6715000)
 Metaspace       used 33584K, capacity 34010K, committed 34304K, reserved 1079296K
  class space    used 4576K, capacity 4749K, committed 4864K, reserved 1048576K
}
Event: 276.049 GC heap before
{Heap before GC invocations=54 (full 2):
 def new generation   total 8320K, used 7954K [0x00000000c0000000, 0x00000000c0900000, 0x00000000d5550000)
  eden space 7424K, 100% used [0x00000000c0000000, 0x00000000c0740000, 0x00000000c0740000)
  from space 896K,  59% used [0x00000000c0740000, 0x00000000c07c4aa0, 0x00000000c0820000)
  to   space 896K,   0% used [0x00000000c0820000, 0x00000000c0820000, 0x00000000c0900000)
 tenured generation   total 18196K, used 13365K [0x00000000d5550000, 0x00000000d6715000, 0x0000000100000000)
   the space 18196K,  73% used [0x00000000d5550000, 0x00000000d625d400, 0x00000000d625d400, 0x00000000d6715000)
 Metaspace       used 34138K, capacity 34586K, committed 34816K, reserved 1079296K
  class space    used 4673K, capacity 4813K, committed 4864K, reserved 1048576K
Event: 276.052 GC heap after
Heap after GC invocations=55 (full 2):
 def new generation   total 8320K, used 651K [0x00000000c0000000, 0x00000000c0900000, 0x00000000d5550000)
  eden space 7424K,   0% used [0x00000000c0000000, 0x00000000c0000000, 0x00000000c0740000)
  from space 896K,  72% used [0x00000000c0820000, 0x00000000c08c2c58, 0x00000000c0900000)
  to   space 896K,   0% used [0x00000000c0740000, 0x00000000c0740000, 0x00000000c0820000)
 tenured generation   total 18196K, used 13503K [0x00000000d5550000, 0x00000000d6715000, 0x0000000100000000)
   the space 18196K,  74% used [0x00000000d5550000, 0x00000000d627fea8, 0x00000000d6280000, 0x00000000d6715000)
 Metaspace       used 34138K, capacity 34586K, committed 34816K, reserved 1079296K
  class space    used 4673K, capacity 4813K, committed 4864K, reserved 1048576K
}
Event: 276.087 GC heap before
{Heap before GC invocations=55 (full 2):
 def new generation   total 8320K, used 8075K [0x00000000c0000000, 0x00000000c0900000, 0x00000000d5550000)
  eden space 7424K, 100% used [0x00000000c0000000, 0x00000000c0740000, 0x00000000c0740000)
  from space 896K,  72% used [0x00000000c0820000, 0x00000000c08c2c58, 0x00000000c0900000)
  to   space 896K,   0% used [0x00000000c0740000, 0x00000000c0740000, 0x00000000c0820000)
 tenured generation   total 18196K, used 13503K [0x00000000d5550000, 0x00000000d6715000, 0x0000000100000000)
   the space 18196K,  74% used [0x00000000d5550000, 0x00000000d627fea8, 0x00000000d6280000, 0x00000000d6715000)
 Metaspace       used 34558K, capacity 35066K, committed 35456K, reserved 1079296K
  class space    used 4736K, capacity 4909K, committed 4992K, reserved 1048576K
Event: 276.090 GC heap after
Heap after GC invocations=56 (full 2):
 def new generation   total 8320K, used 609K [0x00000000c0000000, 0x00000000c0900000, 0x00000000d5550000)
  eden space 7424K,   0% used [0x00000000c0000000, 0x00000000c0000000, 0x00000000c0740000)
  from space 896K,  67% used [0x00000000c0740000, 0x00000000c07d8408, 0x00000000c0820000)
  to   space 896K,   0% used [0x00000000c0820000, 0x00000000c0820000, 0x00000000c0900000)
 tenured generation   total 18196K, used 13683K [0x00000000d5550000, 0x00000000d6715000, 0x0000000100000000)
   the space 18196K,  75% used [0x00000000d5550000, 0x00000000d62acde0, 0x00000000d62ace00, 0x00000000d6715000)
 Metaspace       used 34558K, capacity 35066K, committed 35456K, reserved 1079296K
  class space    used 4736K, capacity 4909K, committed 4992K, reserved 1048576K
}
Event: 276.132 GC heap before
{Heap before GC invocations=56 (full 2):
 def new generation   total 8320K, used 8033K [0x00000000c0000000, 0x00000000c0900000, 0x00000000d5550000)
  eden space 7424K, 100% used [0x00000000c0000000, 0x00000000c0740000, 0x00000000c0740000)
  from space 896K,  67% used [0x00000000c0740000, 0x00000000c07d8408, 0x00000000c0820000)
  to   space 896K,   0% used [0x00000000c0820000, 0x00000000c0820000, 0x00000000c0900000)
 tenured generation   total 18196K, used 13683K [0x00000000d5550000, 0x00000000d6715000, 0x0000000100000000)
   the space 18196K,  75% used [0x00000000d5550000, 0x00000000d62acde0, 0x00000000d62ace00, 0x00000000d6715000)
 Metaspace       used 34955K, capacity 35386K, committed 35712K, reserved 1079296K
  class space    used 4805K, capacity 4973K, committed 4992K, reserved 1048576K
Event: 276.135 GC heap after
Heap after GC invocations=57 (full 2):
 def new generation   total 8320K, used 543K [0x00000000c0000000, 0x00000000c0900000, 0x00000000d5550000)
  eden space 7424K,   0% used [0x00000000c0000000, 0x00000000c0000000, 0x00000000c0740000)
  from space 896K,  60% used [0x00000000c0820000, 0x00000000c08a7de0, 0x00000000c0900000)
  to   space 896K,   0% used [0x00000000c0740000, 0x00000000c0740000, 0x00000000c0820000)
 tenured generation   total 18196K, used 13777K [0x00000000d5550000, 0x00000000d6715000, 0x0000000100000000)
   the space 18196K,  75% used [0x00000000d5550000, 0x00000000d62c4708, 0x00000000d62c4800, 0x00000000d6715000)
 Metaspace       used 34955K, capacity 35386K, committed 35712K, reserved 1079296K
  class space    used 4805K, capacity 4973K, committed 4992K, reserved 1048576K
}
Event: 276.239 GC heap before
{Heap before GC invocations=57 (full 2):
 def new generation   total 8320K, used 7967K [0x00000000c0000000, 0x00000000c0900000, 0x00000000d5550000)
  eden space 7424K, 100% used [0x00000000c0000000, 0x00000000c0740000, 0x00000000c0740000)
  from space 896K,  60% used [0x00000000c0820000, 0x00000000c08a7de0, 0x00000000c0900000)
  to   space 896K,   0% used [0x00000000c0740000, 0x00000000c0740000, 0x00000000c0820000)
 tenured generation   total 18196K, used 13777K [0x00000000d5550000, 0x00000000d6715000, 0x0000000100000000)
   the space 18196K,  75% used [0x00000000d5550000, 0x00000000d62c4708, 0x00000000d62c4800, 0x00000000d6715000)
 Metaspace       used 36303K, capacity 36828K, committed 37120K, reserved 1081344K
  class space    used 4931K, capacity 5084K, committed 5120K, reserved 1048576K
Event: 276.245 GC heap after
Heap after GC invocations=58 (full 2):
 def new generation   total 8320K, used 896K [0x00000000c0000000, 0x00000000c0900000, 0x00000000d5550000)
  eden space 7424K,   0% used [0x00000000c0000000, 0x00000000c0000000, 0x00000000c0740000)
  from space 896K, 100% used [0x00000000c0740000, 0x00000000c0820000, 0x00000000c0820000)
  to   space 896K,   0% used [0x00000000c0820000, 0x00000000c0820000, 0x00000000c0900000)
 tenured generation   total 18196K, used 14438K [0x00000000d5550000, 0x00000000d6715000, 0x0000000100000000)
   the space 18196K,  79% used [0x00000000d5550000, 0x00000000d6369ae0, 0x00000000d6369c00, 0x00000000d6715000)
 Metaspace       used 36303K, capacity 36828K, committed 37120K, reserved 1081344K
  class space    used 4931K, capacity 5084K, committed 5120K, reserved 1048576K
}
Event: 276.364 GC heap before
{Heap before GC invocations=58 (full 2):
 def new generation   total 8320K, used 8320K [0x00000000c0000000, 0x00000000c0900000, 0x00000000d5550000)
  eden space 7424K, 100% used [0x00000000c0000000, 0x00000000c0740000, 0x00000000c0740000)
  from space 896K, 100% used [0x00000000c0740000, 0x00000000c0820000, 0x00000000c0820000)
  to   space 896K,   0% used [0x00000000c0820000, 0x00000000c0820000, 0x00000000c0900000)
 tenured generation   total 18196K, used 14438K [0x00000000d5550000, 0x00000000d6715000, 0x0000000100000000)
   the space 18196K,  79% used [0x00000000d5550000, 0x00000000d6369ae0, 0x00000000d6369c00, 0x00000000d6715000)
 Metaspace       used 36844K, capacity 37308K, committed 37760K, reserved 1081344K
  class space    used 5009K, capacity 5180K, committed 5248K, reserved 1048576K
Event: 276.371 GC heap after
Heap after GC invocations=59 (full 2):
 def new generation   total 8320K, used 896K [0x00000000c0000000, 0x00000000c0900000, 0x00000000d5550000)
  eden space 7424K,   0% used [0x00000000c0000000, 0x00000000c0000000, 0x00000000c0740000)
  from space 896K, 100% used [0x00000000c0820000, 0x00000000c0900000, 0x00000000c0900000)
  to   space 896K,   0% used [0x00000000c0740000, 0x00000000c0740000, 0x00000000c0820000)
 tenured generation   total 18196K, used 15711K [0x00000000d5550000, 0x00000000d6715000, 0x0000000100000000)
   the space 18196K,  86% used [0x00000000d5550000, 0x00000000d64a7d50, 0x00000000d64a7e00, 0x00000000d6715000)
 Metaspace       used 36844K, capacity 37308K, committed 37760K, reserved 1081344K
  class space    used 5009K, capacity 5180K, committed 5248K, reserved 1048576K
}
Event: 276.432 GC heap before
{Heap before GC invocations=59 (full 2):
 def new generation   total 8320K, used 8320K [0x00000000c0000000, 0x00000000c0900000, 0x00000000d5550000)
  eden space 7424K, 100% used [0x00000000c0000000, 0x00000000c0740000, 0x00000000c0740000)
  from space 896K, 100% used [0x00000000c0820000, 0x00000000c0900000, 0x00000000c0900000)
  to   space 896K,   0% used [0x00000000c0740000, 0x00000000c0740000, 0x00000000c0820000)
 tenured generation   total 18196K, used 15711K [0x00000000d5550000, 0x00000000d6715000, 0x0000000100000000)
   the space 18196K,  86% used [0x00000000d5550000, 0x00000000d64a7d50, 0x00000000d64a7e00, 0x00000000d6715000)
 Metaspace       used 37311K, capacity 37756K, committed 38016K, reserved 1081344K
  class space    used 5083K, capacity 5244K, committed 5248K, reserved 1048576K
Event: 276.438 GC heap after
Heap after GC invocations=60 (full 2):
 def new generation   total 8320K, used 677K [0x00000000c0000000, 0x00000000c0900000, 0x00000000d5550000)
  eden space 7424K,   0% used [0x00000000c0000000, 0x00000000c0000000, 0x00000000c0740000)
  from space 896K,  75% used [0x00000000c0740000, 0x00000000c07e97c8, 0x00000000c0820000)
  to   space 896K,   0% used [0x00000000c0820000, 0x00000000c0820000, 0x00000000c0900000)
 tenured generation   total 18196K, used 16604K [0x00000000d5550000, 0x00000000d6715000, 0x0000000100000000)
   the space 18196K,  91% used [0x00000000d5550000, 0x00000000d6587340, 0x00000000d6587400, 0x00000000d6715000)
 Metaspace       used 37311K, capacity 37756K, committed 38016K, reserved 1081344K
  class space    used 5083K, capacity 5244K, committed 5248K, reserved 1048576K
}
Event: 276.601 GC heap before
{Heap before GC invocations=60 (full 2):
 def new generation   total 8320K, used 8004K [0x00000000c0000000, 0x00000000c0900000, 0x00000000d5550000)
  eden space 7424K,  98% used [0x00000000c0000000, 0x00000000c0727a80, 0x00000000c0740000)
  from space 896K,  75% used [0x00000000c0740000, 0x00000000c07e97c8, 0x00000000c0820000)
  to   space 896K,   0% used [0x00000000c0820000, 0x00000000c0820000, 0x00000000c0900000)
 tenured generation   total 18196K, used 16604K [0x00000000d5550000, 0x00000000d6715000, 0x0000000100000000)
   the space 18196K,  91% used [0x00000000d5550000, 0x00000000d6587340, 0x00000000d6587400, 0x00000000d6715000)
 Metaspace       used 39563K, capacity 40136K, committed 40448K, reserved 1083392K
  class space    used 5366K, capacity 5566K, committed 5632K, reserved 1048576K
Event: 276.607 GC heap after
Heap after GC invocations=61 (full 2):
 def new generation   total 8320K, used 896K [0x00000000c0000000, 0x00000000c0900000, 0x00000000d5550000)
  eden space 7424K,   0% used [0x00000000c0000000, 0x00000000c0000000, 0x00000000c0740000)
  from space 896K, 100% used [0x00000000c0820000, 0x00000000c0900000, 0x00000000c0900000)
  to   space 896K,   0% used [0x00000000c0740000, 0x00000000c0740000, 0x00000000c0820000)
 tenured generation   total 18196K, used 16932K [0x00000000d5550000, 0x00000000d6715000, 0x0000000100000000)
   the space 18196K,  93% used [0x00000000d5550000, 0x00000000d65d9318, 0x00000000d65d9400, 0x00000000d6715000)
 Metaspace       used 39563K, capacity 40136K, committed 40448K, reserved 1083392K
  class space    used 5366K, capacity 5566K, committed 5632K, reserved 1048576K
}
Event: 276.917 GC heap before
{Heap before GC invocations=61 (full 2):
 def new generation   total 8320K, used 8320K [0x00000000c0000000, 0x00000000c0900000, 0x00000000d5550000)
  eden space 7424K, 100% used [0x00000000c0000000, 0x00000000c0740000, 0x00000000c0740000)
  from space 896K, 100% used [0x00000000c0820000, 0x00000000c0900000, 0x00000000c0900000)
  to   space 896K,   0% used [0x00000000c0740000, 0x00000000c0740000, 0x00000000c0820000)
 tenured generation   total 18196K, used 16932K [0x00000000d5550000, 0x00000000d6715000, 0x0000000100000000)
   the space 18196K,  93% used [0x00000000d5550000, 0x00000000d65d9318, 0x00000000d65d9400, 0x00000000d6715000)
 Metaspace       used 42169K, capacity 42706K, committed 43264K, reserved 1087488K
  class space    used 5667K, capacity 5825K, committed 5888K, reserved 1048576K
Event: 276.922 GC heap after
Heap after GC invocations=62 (full 2):
 def new generation   total 8320K, used 896K [0x00000000c0000000, 0x00000000c0900000, 0x00000000d5550000)
  eden space 7424K,   0% used [0x00000000c0000000, 0x00000000c0000000, 0x00000000c0740000)
  from space 896K, 100% used [0x00000000c0740000, 0x00000000c0820000, 0x00000000c0820000)
  to   space 896K,   0% used [0x00000000c0820000, 0x00000000c0820000, 0x00000000c0900000)
 tenured generation   total 18196K, used 17806K [0x00000000d5550000, 0x00000000d6715000, 0x0000000100000000)
   the space 18196K,  97% used [0x00000000d5550000, 0x00000000d66b3988, 0x00000000d66b3a00, 0x00000000d6715000)
 Metaspace       used 42169K, capacity 42706K, committed 43264K, reserved 1087488K
  class space    used 5667K, capacity 5825K, committed 5888K, reserved 1048576K
}
Event: 277.031 GC heap before
{Heap before GC invocations=62 (full 2):
 def new generation   total 8320K, used 8320K [0x00000000c0000000, 0x00000000c0900000, 0x00000000d5550000)
  eden space 7424K, 100% used [0x00000000c0000000, 0x00000000c0740000, 0x00000000c0740000)
  from space 896K, 100% used [0x00000000c0740000, 0x00000000c0820000, 0x00000000c0820000)
  to   space 896K,   0% used [0x00000000c0820000, 0x00000000c0820000, 0x00000000c0900000)
 tenured generation   total 18196K, used 17806K [0x00000000d5550000, 0x00000000d6715000, 0x0000000100000000)
   the space 18196K,  97% used [0x00000000d5550000, 0x00000000d66b3988, 0x00000000d66b3a00, 0x00000000d6715000)
 Metaspace       used 42568K, capacity 43128K, committed 43648K, reserved 1087488K
  class space    used 5730K, capacity 5922K, committed 6016K, reserved 1048576K
Event: 277.090 GC heap after
Heap after GC invocations=63 (full 3):
 def new generation   total 12672K, used 0K [0x00000000c0000000, 0x00000000c0dc0000, 0x00000000d5550000)
  eden space 11264K,   0% used [0x00000000c0000000, 0x00000000c0000000, 0x00000000c0b00000)
  from space 1408K,   0% used [0x00000000c0b00000, 0x00000000c0b00000, 0x00000000c0c60000)
  to   space 1408K,   0% used [0x00000000c0c60000, 0x00000000c0c60000, 0x00000000c0dc0000)
 tenured generation   total 27968K, used 16780K [0x00000000d5550000, 0x00000000d70a0000, 0x0000000100000000)
   the space 27968K,  59% used [0x00000000d5550000, 0x00000000d65b32a8, 0x00000000d65b3400, 0x00000000d70a0000)
 Metaspace       used 42565K, capacity 43122K, committed 43648K, reserved 1087488K
  class space    used 5729K, capacity 5920K, committed 6016K, reserved 1048576K
}
Event: 277.530 GC heap before
{Heap before GC invocations=63 (full 3):
 def new generation   total 12672K, used 11264K [0x00000000c0000000, 0x00000000c0dc0000, 0x00000000d5550000)
  eden space 11264K, 100% used [0x00000000c0000000, 0x00000000c0b00000, 0x00000000c0b00000)
  from space 1408K,   0% used [0x00000000c0b00000, 0x00000000c0b00000, 0x00000000c0c60000)
  to   space 1408K,   0% used [0x00000000c0c60000, 0x00000000c0c60000, 0x00000000c0dc0000)
 tenured generation   total 27968K, used 16780K [0x00000000d5550000, 0x00000000d70a0000, 0x0000000100000000)
   the space 27968K,  59% used [0x00000000d5550000, 0x00000000d65b32a8, 0x00000000d65b3400, 0x00000000d70a0000)
 Metaspace       used 43145K, capacity 43754K, committed 44288K, reserved 1087488K
  class space    used 5823K, capacity 6019K, committed 6144K, reserved 1048576K
Event: 277.534 GC heap after
Heap after GC invocations=64 (full 3):
 def new generation   total 12672K, used 824K [0x00000000c0000000, 0x00000000c0dc0000, 0x00000000d5550000)
  eden space 11264K,   0% used [0x00000000c0000000, 0x00000000c0000000, 0x00000000c0b00000)
  from space 1408K,  58% used [0x00000000c0c60000, 0x00000000c0d2e238, 0x00000000c0dc0000)
  to   space 1408K,   0% used [0x00000000c0b00000, 0x00000000c0b00000, 0x00000000c0c60000)
 tenured generation   total 27968K, used 16780K [0x00000000d5550000, 0x00000000d70a0000, 0x0000000100000000)
   the space 27968K,  59% used [0x00000000d5550000, 0x00000000d65b32a8, 0x00000000d65b3400, 0x00000000d70a0000)
 Metaspace       used 43145K, capacity 43754K, committed 44288K, reserved 1087488K
  class space    used 5823K, capacity 6019K, committed 6144K, reserved 1048576K
}
Event: 277.634 GC heap before
{Heap before GC invocations=64 (full 3):
 def new generation   total 12672K, used 12088K [0x00000000c0000000, 0x00000000c0dc0000, 0x00000000d5550000)
  eden space 11264K, 100% used [0x00000000c0000000, 0x00000000c0b00000, 0x00000000c0b00000)
  from space 1408K,  58% used [0x00000000c0c60000, 0x00000000c0d2e238, 0x00000000c0dc0000)
  to   space 1408K,   0% used [0x00000000c0b00000, 0x00000000c0b00000, 0x00000000c0c60000)
 tenured generation   total 27968K, used 16780K [0x00000000d5550000, 0x00000000d70a0000, 0x0000000100000000)
   the space 27968K,  59% used [0x00000000d5550000, 0x00000000d65b32a8, 0x00000000d65b3400, 0x00000000d70a0000)
 Metaspace       used 43380K, capacity 43970K, committed 44544K, reserved 1087488K
  class space    used 5859K, capacity 6027K, committed 6144K, reserved 1048576K
Event: 277.641 GC heap after
Heap after GC invocations=65 (full 3):
 def new generation   total 12672K, used 1408K [0x00000000c0000000, 0x00000000c0dc0000, 0x00000000d5550000)
  eden space 11264K,   0% used [0x00000000c0000000, 0x00000000c0000000, 0x00000000c0b00000)
  from space 1408K, 100% used [0x00000000c0b00000, 0x00000000c0c60000, 0x00000000c0c60000)
  to   space 1408K,   0% used [0x00000000c0c60000, 0x00000000c0c60000, 0x00000000c0dc0000)
 tenured generation   total 27968K, used 17599K [0x00000000d5550000, 0x00000000d70a0000, 0x0000000100000000)
   the space 27968K,  62% used [0x00000000d5550000, 0x00000000d667fe90, 0x00000000d6680000, 0x00000000d70a0000)
 Metaspace       used 43380K, capacity 43970K, committed 44544K, reserved 1087488K
  class space    used 5859K, capacity 6027K, committed 6144K, reserved 1048576K
}
Event: 277.738 GC heap before
{Heap before GC invocations=65 (full 3):
 def new generation   total 12672K, used 12672K [0x00000000c0000000, 0x00000000c0dc0000, 0x00000000d5550000)
  eden space 11264K, 100% used [0x00000000c0000000, 0x00000000c0b00000, 0x00000000c0b00000)
  from space 1408K, 100% used [0x00000000c0b00000, 0x00000000c0c60000, 0x00000000c0c60000)
  to   space 1408K,   0% used [0x00000000c0c60000, 0x00000000c0c60000, 0x00000000c0dc0000)
 tenured generation   total 27968K, used 17599K [0x00000000d5550000, 0x00000000d70a0000, 0x0000000100000000)
   the space 27968K,  62% used [0x00000000d5550000, 0x00000000d667fe90, 0x00000000d6680000, 0x00000000d70a0000)
 Metaspace       used 43600K, capacity 44192K, committed 44544K, reserved 1087488K
  class space    used 5898K, capacity 6099K, committed 6144K, reserved 1048576K
Event: 277.747 GC heap after
Heap after GC invocations=66 (full 3):
 def new generation   total 12672K, used 1408K [0x00000000c0000000, 0x00000000c0dc0000, 0x00000000d5550000)
  eden space 11264K,   0% used [0x00000000c0000000, 0x00000000c0000000, 0x00000000c0b00000)
  from space 1408K, 100% used [0x00000000c0c60000, 0x00000000c0dc0000, 0x00000000c0dc0000)
  to   space 1408K,   0% used [0x00000000c0b00000, 0x00000000c0b00000, 0x00000000c0c60000)
 tenured generation   total 27968K, used 19205K [0x00000000d5550000, 0x00000000d70a0000, 0x0000000100000000)
   the space 27968K,  68% used [0x00000000d5550000, 0x00000000d68115f0, 0x00000000d6811600, 0x00000000d70a0000)
 Metaspace       used 43600K, capacity 44192K, committed 44544K, reserved 1087488K
  class space    used 5898K, capacity 6099K, committed 6144K, reserved 1048576K
}
Event: 277.899 GC heap before
{Heap before GC invocations=66 (full 3):
 def new generation   total 12672K, used 12672K [0x00000000c0000000, 0x00000000c0dc0000, 0x00000000d5550000)
  eden space 11264K, 100% used [0x00000000c0000000, 0x00000000c0b00000, 0x00000000c0b00000)
  from space 1408K, 100% used [0x00000000c0c60000, 0x00000000c0dc0000, 0x00000000c0dc0000)
  to   space 1408K,   0% used [0x00000000c0b00000, 0x00000000c0b00000, 0x00000000c0c60000)
 tenured generation   total 27968K, used 19205K [0x00000000d5550000, 0x00000000d70a0000, 0x0000000100000000)
   the space 27968K,  68% used [0x00000000d5550000, 0x00000000d68115f0, 0x00000000d6811600, 0x00000000d70a0000)
 Metaspace       used 43984K, capacity 44754K, committed 45184K, reserved 1087488K
  class space    used 5983K, capacity 6225K, committed 6272K, reserved 1048576K
Event: 277.910 GC heap after
Heap after GC invocations=67 (full 3):
 def new generation   total 12672K, used 1408K [0x00000000c0000000, 0x00000000c0dc0000, 0x00000000d5550000)
  eden space 11264K,   0% used [0x00000000c0000000, 0x00000000c0000000, 0x00000000c0b00000)
  from space 1408K, 100% used [0x00000000c0b00000, 0x00000000c0c60000, 0x00000000c0c60000)
  to   space 1408K,   0% used [0x00000000c0c60000, 0x00000000c0c60000, 0x00000000c0dc0000)
 tenured generation   total 27968K, used 20756K [0x00000000d5550000, 0x00000000d70a0000, 0x0000000100000000)
   the space 27968K,  74% used [0x00000000d5550000, 0x00000000d6995240, 0x00000000d6995400, 0x00000000d70a0000)
 Metaspace       used 43984K, capacity 44754K, committed 45184K, reserved 1087488K
  class space    used 5983K, capacity 6225K, committed 6272K, reserved 1048576K
}
Event: 277.972 GC heap before
{Heap before GC invocations=67 (full 3):
 def new generation   total 12672K, used 12672K [0x00000000c0000000, 0x00000000c0dc0000, 0x00000000d5550000)
  eden space 11264K, 100% used [0x00000000c0000000, 0x00000000c0b00000, 0x00000000c0b00000)
  from space 1408K, 100% used [0x00000000c0b00000, 0x00000000c0c60000, 0x00000000c0c60000)
  to   space 1408K,   0% used [0x00000000c0c60000, 0x00000000c0c60000, 0x00000000c0dc0000)
 tenured generation   total 27968K, used 20756K [0x00000000d5550000, 0x00000000d70a0000, 0x0000000100000000)
   the space 27968K,  74% used [0x00000000d5550000, 0x00000000d6995240, 0x00000000d6995400, 0x00000000d70a0000)
 Metaspace       used 44089K, capacity 44826K, committed 45184K, reserved 1087488K
  class space    used 6003K, capacity 6229K, committed 6272K, reserved 1048576K
Event: 277.979 GC heap after
Heap after GC invocations=68 (full 3):
 def new generation   total 12672K, used 624K [0x00000000c0000000, 0x00000000c0dc0000, 0x00000000d5550000)
  eden space 11264K,   0% used [0x00000000c0000000, 0x00000000c0000000, 0x00000000c0b00000)
  from space 1408K,  44% used [0x00000000c0c60000, 0x00000000c0cfc210, 0x00000000c0dc0000)
  to   space 1408K,   0% used [0x00000000c0b00000, 0x00000000c0b00000, 0x00000000c0c60000)
 tenured generation   total 27968K, used 22159K [0x00000000d5550000, 0x00000000d70a0000, 0x0000000100000000)
   the space 27968K,  79% used [0x00000000d5550000, 0x00000000d6af3cf0, 0x00000000d6af3e00, 0x00000000d70a0000)
 Metaspace       used 44089K, capacity 44826K, committed 45184K, reserved 1087488K
  class space    used 6003K, capacity 6229K, committed 6272K, reserved 1048576K
}
Event: 278.182 GC heap before
{Heap before GC invocations=68 (full 3):
 def new generation   total 12672K, used 11888K [0x00000000c0000000, 0x00000000c0dc0000, 0x00000000d5550000)
  eden space 11264K, 100% used [0x00000000c0000000, 0x00000000c0b00000, 0x00000000c0b00000)
  from space 1408K,  44% used [0x00000000c0c60000, 0x00000000c0cfc210, 0x00000000c0dc0000)
  to   space 1408K,   0% used [0x00000000c0b00000, 0x00000000c0b00000, 0x00000000c0c60000)
 tenured generation   total 27968K, used 22159K [0x00000000d5550000, 0x00000000d70a0000, 0x0000000100000000)
   the space 27968K,  79% used [0x00000000d5550000, 0x00000000d6af3cf0, 0x00000000d6af3e00, 0x00000000d70a0000)
 Metaspace       used 44344K, capacity 45074K, committed 45440K, reserved 1089536K
  class space    used 6029K, capacity 6267K, committed 6272K, reserved 1048576K
Event: 278.190 GC heap after
Heap after GC invocations=69 (full 3):
 def new generation   total 12672K, used 1408K [0x00000000c0000000, 0x00000000c0dc0000, 0x00000000d5550000)
  eden space 11264K,   0% used [0x00000000c0000000, 0x00000000c0000000, 0x00000000c0b00000)
  from space 1408K, 100% used [0x00000000c0b00000, 0x00000000c0c60000, 0x00000000c0c60000)
  to   space 1408K,   0% used [0x00000000c0c60000, 0x00000000c0c60000, 0x00000000c0dc0000)
 tenured generation   total 27968K, used 22304K [0x00000000d5550000, 0x00000000d70a0000, 0x0000000100000000)
   the space 27968K,  79% used [0x00000000d5550000, 0x00000000d6b18228, 0x00000000d6b18400, 0x00000000d70a0000)
 Metaspace       used 44344K, capacity 45074K, committed 45440K, reserved 1089536K
  class space    used 6029K, capacity 6267K, committed 6272K, reserved 1048576K
}
Event: 278.487 GC heap before
{Heap before GC invocations=69 (full 3):
 def new generation   total 12672K, used 12672K [0x00000000c0000000, 0x00000000c0dc0000, 0x00000000d5550000)
  eden space 11264K, 100% used [0x00000000c0000000, 0x00000000c0b00000, 0x00000000c0b00000)
  from space 1408K, 100% used [0x00000000c0b00000, 0x00000000c0c60000, 0x00000000c0c60000)
  to   space 1408K,   0% used [0x00000000c0c60000, 0x00000000c0c60000, 0x00000000c0dc0000)
 tenured generation   total 27968K, used 22304K [0x00000000d5550000, 0x00000000d70a0000, 0x0000000100000000)
   the space 27968K,  79% used [0x00000000d5550000, 0x00000000d6b18228, 0x00000000d6b18400, 0x00000000d70a0000)
 Metaspace       used 44497K, capacity 45202K, committed 45440K, reserved 1089536K
  class space    used 6029K, capacity 6267K, committed 6272K, reserved 1048576K
Event: 278.493 GC heap after
Heap after GC invocations=70 (full 3):
 def new generation   total 12672K, used 54K [0x00000000c0000000, 0x00000000c0dc0000, 0x00000000d5550000)
  eden space 11264K,   0% used [0x00000000c0000000, 0x00000000c0000000, 0x00000000c0b00000)
  from space 1408K,   3% used [0x00000000c0c60000, 0x00000000c0c6dbb0, 0x00000000c0dc0000)
  to   space 1408K,   0% used [0x00000000c0b00000, 0x00000000c0b00000, 0x00000000c0c60000)
 tenured generation   total 27968K, used 23678K [0x00000000d5550000, 0x00000000d70a0000, 0x0000000100000000)
   the space 27968K,  84% used [0x00000000d5550000, 0x00000000d6c6f990, 0x00000000d6c6fa00, 0x00000000d70a0000)
 Metaspace       used 44497K, capacity 45202K, committed 45440K, reserved 1089536K
  class space    used 6029K, capacity 6267K, committed 6272K, reserved 1048576K
}
Event: 278.742 GC heap before
{Heap before GC invocations=70 (full 3):
 def new generation   total 12672K, used 11318K [0x00000000c0000000, 0x00000000c0dc0000, 0x00000000d5550000)
  eden space 11264K, 100% used [0x00000000c0000000, 0x00000000c0b00000, 0x00000000c0b00000)
  from space 1408K,   3% used [0x00000000c0c60000, 0x00000000c0c6dbb0, 0x00000000c0dc0000)
  to   space 1408K,   0% used [0x00000000c0b00000, 0x00000000c0b00000, 0x00000000c0c60000)
 tenured generation   total 27968K, used 23678K [0x00000000d5550000, 0x00000000d70a0000, 0x0000000100000000)
   the space 27968K,  84% used [0x00000000d5550000, 0x00000000d6c6f990, 0x00000000d6c6fa00, 0x00000000d70a0000)
 Metaspace       used 44552K, capacity 45266K, committed 45440K, reserved 1089536K
  class space    used 6029K, capacity 6267K, committed 6272K, reserved 1048576K
Event: 278.744 GC heap after
Heap after GC invocations=71 (full 3):
 def new generation   total 12672K, used 26K [0x00000000c0000000, 0x00000000c0dc0000, 0x00000000d5550000)
  eden space 11264K,   0% used [0x00000000c0000000, 0x00000000c0000000, 0x00000000c0b00000)
  from space 1408K,   1% used [0x00000000c0b00000, 0x00000000c0b06898, 0x00000000c0c60000)
  to   space 1408K,   0% used [0x00000000c0c60000, 0x00000000c0c60000, 0x00000000c0dc0000)
 tenured generation   total 27968K, used 23678K [0x00000000d5550000, 0x00000000d70a0000, 0x0000000100000000)
   the space 27968K,  84% used [0x00000000d5550000, 0x00000000d6c6f990, 0x00000000d6c6fa00, 0x00000000d70a0000)
 Metaspace       used 44552K, capacity 45266K, committed 45440K, reserved 1089536K
  class space    used 6029K, capacity 6267K, committed 6272K, reserved 1048576K
}
Event: 278.908 GC heap before
{Heap before GC invocations=71 (full 3):
 def new generation   total 12672K, used 11290K [0x00000000c0000000, 0x00000000c0dc0000, 0x00000000d5550000)
  eden space 11264K, 100% used [0x00000000c0000000, 0x00000000c0b00000, 0x00000000c0b00000)
  from space 1408K,   1% used [0x00000000c0b00000, 0x00000000c0b06898, 0x00000000c0c60000)
  to   space 1408K,   0% used [0x00000000c0c60000, 0x00000000c0c60000, 0x00000000c0dc0000)
 tenured generation   total 27968K, used 23678K [0x00000000d5550000, 0x00000000d70a0000, 0x0000000100000000)
   the space 27968K,  84% used [0x00000000d5550000, 0x00000000d6c6f990, 0x00000000d6c6fa00, 0x00000000d70a0000)
 Metaspace       used 44561K, capacity 45266K, committed 45440K, reserved 1089536K
  class space    used 6029K, capacity 6267K, committed 6272K, reserved 1048576K
Event: 278.910 GC heap after
Heap after GC invocations=72 (full 3):
 def new generation   total 12672K, used 62K [0x00000000c0000000, 0x00000000c0dc0000, 0x00000000d5550000)
  eden space 11264K,   0% used [0x00000000c0000000, 0x00000000c0000000, 0x00000000c0b00000)
  from space 1408K,   4% used [0x00000000c0c60000, 0x00000000c0c6fa40, 0x00000000c0dc0000)
  to   space 1408K,   0% used [0x00000000c0b00000, 0x00000000c0b00000, 0x00000000c0c60000)
 tenured generation   total 27968K, used 23678K [0x00000000d5550000, 0x00000000d70a0000, 0x0000000100000000)
   the space 27968K,  84% used [0x00000000d5550000, 0x00000000d6c6f990, 0x00000000d6c6fa00, 0x00000000d70a0000)
 Metaspace       used 44561K, capacity 45266K, committed 45440K, reserved 1089536K
  class space    used 6029K, capacity 6267K, committed 6272K, reserved 1048576K
}
Event: 279.026 GC heap before
{Heap before GC invocations=72 (full 3):
 def new generation   total 12672K, used 11326K [0x00000000c0000000, 0x00000000c0dc0000, 0x00000000d5550000)
  eden space 11264K, 100% used [0x00000000c0000000, 0x00000000c0b00000, 0x00000000c0b00000)
  from space 1408K,   4% used [0x00000000c0c60000, 0x00000000c0c6fa40, 0x00000000c0dc0000)
  to   space 1408K,   0% used [0x00000000c0b00000, 0x00000000c0b00000, 0x00000000c0c60000)
 tenured generation   total 27968K, used 23678K [0x00000000d5550000, 0x00000000d70a0000, 0x0000000100000000)
   the space 27968K,  84% used [0x00000000d5550000, 0x00000000d6c6f990, 0x00000000d6c6fa00, 0x00000000d70a0000)
 Metaspace       used 44561K, capacity 45266K, committed 45440K, reserved 1089536K
  class space    used 6029K, capacity 6267K, committed 6272K, reserved 1048576K
Event: 279.028 GC heap after
Heap after GC invocations=73 (full 3):
 def new generation   total 12672K, used 43K [0x00000000c0000000, 0x00000000c0dc0000, 0x00000000d5550000)
  eden space 11264K,   0% used [0x00000000c0000000, 0x00000000c0000000, 0x00000000c0b00000)
  from space 1408K,   3% used [0x00000000c0b00000, 0x00000000c0b0ad88, 0x00000000c0c60000)
  to   space 1408K,   0% used [0x00000000c0c60000, 0x00000000c0c60000, 0x00000000c0dc0000)
 tenured generation   total 27968K, used 23678K [0x00000000d5550000, 0x00000000d70a0000, 0x0000000100000000)
   the space 27968K,  84% used [0x00000000d5550000, 0x00000000d6c6f990, 0x00000000d6c6fa00, 0x00000000d70a0000)
 Metaspace       used 44561K, capacity 45266K, committed 45440K, reserved 1089536K
  class space    used 6029K, capacity 6267K, committed 6272K, reserved 1048576K
}
Event: 279.674 GC heap before
{Heap before GC invocations=73 (full 3):
 def new generation   total 12672K, used 11307K [0x00000000c0000000, 0x00000000c0dc0000, 0x00000000d5550000)
  eden space 11264K, 100% used [0x00000000c0000000, 0x00000000c0b00000, 0x00000000c0b00000)
  from space 1408K,   3% used [0x00000000c0b00000, 0x00000000c0b0ad88, 0x00000000c0c60000)
  to   space 1408K,   0% used [0x00000000c0c60000, 0x00000000c0c60000, 0x00000000c0dc0000)
 tenured generation   total 27968K, used 23678K [0x00000000d5550000, 0x00000000d70a0000, 0x0000000100000000)
   the space 27968K,  84% used [0x00000000d5550000, 0x00000000d6c6f990, 0x00000000d6c6fa00, 0x00000000d70a0000)
 Metaspace       used 45055K, capacity 45736K, committed 46080K, reserved 1089536K
  class space    used 6118K, capacity 6341K, committed 6400K, reserved 1048576K
Event: 279.677 GC heap after
Heap after GC invocations=74 (full 3):
 def new generation   total 12672K, used 827K [0x00000000c0000000, 0x00000000c0dc0000, 0x00000000d5550000)
  eden space 11264K,   0% used [0x00000000c0000000, 0x00000000c0000000, 0x00000000c0b00000)
  from space 1408K,  58% used [0x00000000c0c60000, 0x00000000c0d2ee58, 0x00000000c0dc0000)
  to   space 1408K,   0% used [0x00000000c0b00000, 0x00000000c0b00000, 0x00000000c0c60000)
 tenured generation   total 27968K, used 23678K [0x00000000d5550000, 0x00000000d70a0000, 0x0000000100000000)
   the space 27968K,  84% used [0x00000000d5550000, 0x00000000d6c6f990, 0x00000000d6c6fa00, 0x00000000d70a0000)
 Metaspace       used 45055K, capacity 45736K, committed 46080K, reserved 1089536K
  class space    used 6118K, capacity 6341K, committed 6400K, reserved 1048576K
}
Event: 279.765 GC heap before
{Heap before GC invocations=74 (full 3):
 def new generation   total 12672K, used 12091K [0x00000000c0000000, 0x00000000c0dc0000, 0x00000000d5550000)
  eden space 11264K, 100% used [0x00000000c0000000, 0x00000000c0b00000, 0x00000000c0b00000)
  from space 1408K,  58% used [0x00000000c0c60000, 0x00000000c0d2ee58, 0x00000000c0dc0000)
  to   space 1408K,   0% used [0x00000000c0b00000, 0x00000000c0b00000, 0x00000000c0c60000)
 tenured generation   total 27968K, used 23678K [0x00000000d5550000, 0x00000000d70a0000, 0x0000000100000000)
   the space 27968K,  84% used [0x00000000d5550000, 0x00000000d6c6f990, 0x00000000d6c6fa00, 0x00000000d70a0000)
 Metaspace       used 45055K, capacity 45736K, committed 46080K, reserved 1089536K
  class space    used 6118K, capacity 6341K, committed 6400K, reserved 1048576K
Event: 279.768 GC heap after
Heap after GC invocations=75 (full 3):
 def new generation   total 12672K, used 1K [0x00000000c0000000, 0x00000000c0dc0000, 0x00000000d5550000)
  eden space 11264K,   0% used [0x00000000c0000000, 0x00000000c0000000, 0x00000000c0b00000)
  from space 1408K,   0% used [0x00000000c0b00000, 0x00000000c0b005b0, 0x00000000c0c60000)
  to   space 1408K,   0% used [0x00000000c0c60000, 0x00000000c0c60000, 0x00000000c0dc0000)
 tenured generation   total 27968K, used 24141K [0x00000000d5550000, 0x00000000d70a0000, 0x0000000100000000)
   the space 27968K,  86% used [0x00000000d5550000, 0x00000000d6ce3758, 0x00000000d6ce3800, 0x00000000d70a0000)
 Metaspace       used 45055K, capacity 45736K, committed 46080K, reserved 1089536K
  class space    used 6118K, capacity 6341K, committed 6400K, reserved 1048576K
}
Event: 279.834 GC heap before
{Heap before GC invocations=75 (full 3):
 def new generation   total 12672K, used 11265K [0x00000000c0000000, 0x00000000c0dc0000, 0x00000000d5550000)
  eden space 11264K, 100% used [0x00000000c0000000, 0x00000000c0b00000, 0x00000000c0b00000)
  from space 1408K,   0% used [0x00000000c0b00000, 0x00000000c0b005b0, 0x00000000c0c60000)
  to   space 1408K,   0% used [0x00000000c0c60000, 0x00000000c0c60000, 0x00000000c0dc0000)
 tenured generation   total 27968K, used 24141K [0x00000000d5550000, 0x00000000d70a0000, 0x0000000100000000)
   the space 27968K,  86% used [0x00000000d5550000, 0x00000000d6ce3758, 0x00000000d6ce3800, 0x00000000d70a0000)
 Metaspace       used 45055K, capacity 45736K, committed 46080K, reserved 1089536K
  class space    used 6118K, capacity 6341K, committed 6400K, reserved 1048576K
Event: 279.835 GC heap after
Heap after GC invocations=76 (full 3):
 def new generation   total 12672K, used 1K [0x00000000c0000000, 0x00000000c0dc0000, 0x00000000d5550000)
  eden space 11264K,   0% used [0x00000000c0000000, 0x00000000c0000000, 0x00000000c0b00000)
  from space 1408K,   0% used [0x00000000c0c60000, 0x00000000c0c605b0, 0x00000000c0dc0000)
  to   space 1408K,   0% used [0x00000000c0b00000, 0x00000000c0b00000, 0x00000000c0c60000)
 tenured generation   total 27968K, used 24141K [0x00000000d5550000, 0x00000000d70a0000, 0x0000000100000000)
   the space 27968K,  86% used [0x00000000d5550000, 0x00000000d6ce3758, 0x00000000d6ce3800, 0x00000000d70a0000)
 Metaspace       used 45055K, capacity 45736K, committed 46080K, reserved 1089536K
  class space    used 6118K, capacity 6341K, committed 6400K, reserved 1048576K
}
Event: 279.995 GC heap before
{Heap before GC invocations=76 (full 3):
 def new generation   total 12672K, used 11265K [0x00000000c0000000, 0x00000000c0dc0000, 0x00000000d5550000)
  eden space 11264K, 100% used [0x00000000c0000000, 0x00000000c0b00000, 0x00000000c0b00000)
  from space 1408K,   0% used [0x00000000c0c60000, 0x00000000c0c605b0, 0x00000000c0dc0000)
  to   space 1408K,   0% used [0x00000000c0b00000, 0x00000000c0b00000, 0x00000000c0c60000)
 tenured generation   total 27968K, used 24141K [0x00000000d5550000, 0x00000000d70a0000, 0x0000000100000000)
   the space 27968K,  86% used [0x00000000d5550000, 0x00000000d6ce3758, 0x00000000d6ce3800, 0x00000000d70a0000)
 Metaspace       used 45208K, capacity 45806K, committed 46080K, reserved 1089536K
  class space    used 6119K, capacity 6342K, committed 6400K, reserved 1048576K
Event: 279.997 GC heap after
Heap after GC invocations=77 (full 3):
 def new generation   total 12672K, used 268K [0x00000000c0000000, 0x00000000c0dc0000, 0x00000000d5550000)
  eden space 11264K,   0% used [0x00000000c0000000, 0x00000000c0000000, 0x00000000c0b00000)
  from space 1408K,  19% used [0x00000000c0b00000, 0x00000000c0b43100, 0x00000000c0c60000)
  to   space 1408K,   0% used [0x00000000c0c60000, 0x00000000c0c60000, 0x00000000c0dc0000)
 tenured generation   total 27968K, used 24141K [0x00000000d5550000, 0x00000000d70a0000, 0x0000000100000000)
   the space 27968K,  86% used [0x00000000d5550000, 0x00000000d6ce3758, 0x00000000d6ce3800, 0x00000000d70a0000)
 Metaspace       used 45208K, capacity 45806K, committed 46080K, reserved 1089536K
  class space    used 6119K, capacity 6342K, committed 6400K, reserved 1048576K
}
Event: 280.186 GC heap before
{Heap before GC invocations=77 (full 3):
 def new generation   total 12672K, used 11532K [0x00000000c0000000, 0x00000000c0dc0000, 0x00000000d5550000)
  eden space 11264K, 100% used [0x00000000c0000000, 0x00000000c0b00000, 0x00000000c0b00000)
  from space 1408K,  19% used [0x00000000c0b00000, 0x00000000c0b43100, 0x00000000c0c60000)
  to   space 1408K,   0% used [0x00000000c0c60000, 0x00000000c0c60000, 0x00000000c0dc0000)
 tenured generation   total 27968K, used 24141K [0x00000000d5550000, 0x00000000d70a0000, 0x0000000100000000)
   the space 27968K,  86% used [0x00000000d5550000, 0x00000000d6ce3758, 0x00000000d6ce3800, 0x00000000d70a0000)
 Metaspace       used 45316K, capacity 45998K, committed 46336K, reserved 1089536K
  class space    used 6119K, capacity 6342K, committed 6400K, reserved 1048576K
Event: 280.189 GC heap after
Heap after GC invocations=78 (full 3):
 def new generation   total 12672K, used 623K [0x00000000c0000000, 0x00000000c0dc0000, 0x00000000d5550000)
  eden space 11264K,   0% used [0x00000000c0000000, 0x00000000c0000000, 0x00000000c0b00000)
  from space 1408K,  44% used [0x00000000c0c60000, 0x00000000c0cfbe60, 0x00000000c0dc0000)
  to   space 1408K,   0% used [0x00000000c0b00000, 0x00000000c0b00000, 0x00000000c0c60000)
 tenured generation   total 27968K, used 24141K [0x00000000d5550000, 0x00000000d70a0000, 0x0000000100000000)
   the space 27968K,  86% used [0x00000000d5550000, 0x00000000d6ce3758, 0x00000000d6ce3800, 0x00000000d70a0000)
 Metaspace       used 45316K, capacity 45998K, committed 46336K, reserved 1089536K
  class space    used 6119K, capacity 6342K, committed 6400K, reserved 1048576K
}
Event: 280.290 GC heap before
{Heap before GC invocations=78 (full 3):
 def new generation   total 12672K, used 11887K [0x00000000c0000000, 0x00000000c0dc0000, 0x00000000d5550000)
  eden space 11264K, 100% used [0x00000000c0000000, 0x00000000c0b00000, 0x00000000c0b00000)
  from space 1408K,  44% used [0x00000000c0c60000, 0x00000000c0cfbe60, 0x00000000c0dc0000)
  to   space 1408K,   0% used [0x00000000c0b00000, 0x00000000c0b00000, 0x00000000c0c60000)
 tenured generation   total 27968K, used 24141K [0x00000000d5550000, 0x00000000d70a0000, 0x0000000100000000)
   the space 27968K,  86% used [0x00000000d5550000, 0x00000000d6ce3758, 0x00000000d6ce3800, 0x00000000d70a0000)
 Metaspace       used 45320K, capacity 45998K, committed 46336K, reserved 1089536K
  class space    used 6119K, capacity 6342K, committed 6400K, reserved 1048576K
Event: 280.295 GC heap after
Heap after GC invocations=79 (full 3):
 def new generation   total 12672K, used 791K [0x00000000c0000000, 0x00000000c0dc0000, 0x00000000d5550000)
  eden space 11264K,   0% used [0x00000000c0000000, 0x00000000c0000000, 0x00000000c0b00000)
  from space 1408K,  56% used [0x00000000c0b00000, 0x00000000c0bc5c20, 0x00000000c0c60000)
  to   space 1408K,   0% used [0x00000000c0c60000, 0x00000000c0c60000, 0x00000000c0dc0000)
 tenured generation   total 27968K, used 24141K [0x00000000d5550000, 0x00000000d70a0000, 0x0000000100000000)
   the space 27968K,  86% used [0x00000000d5550000, 0x00000000d6ce3758, 0x00000000d6ce3800, 0x00000000d70a0000)
 Metaspace       used 45320K, capacity 45998K, committed 46336K, reserved 1089536K
  class space    used 6119K, capacity 6342K, committed 6400K, reserved 1048576K
}
Event: 280.391 GC heap before
{Heap before GC invocations=79 (full 3):
 def new generation   total 12672K, used 12055K [0x00000000c0000000, 0x00000000c0dc0000, 0x00000000d5550000)
  eden space 11264K, 100% used [0x00000000c0000000, 0x00000000c0b00000, 0x00000000c0b00000)
  from space 1408K,  56% used [0x00000000c0b00000, 0x00000000c0bc5c20, 0x00000000c0c60000)
  to   space 1408K,   0% used [0x00000000c0c60000, 0x00000000c0c60000, 0x00000000c0dc0000)
 tenured generation   total 27968K, used 24141K [0x00000000d5550000, 0x00000000d70a0000, 0x0000000100000000)
   the space 27968K,  86% used [0x00000000d5550000, 0x00000000d6ce3758, 0x00000000d6ce3800, 0x00000000d70a0000)
 Metaspace       used 45326K, capacity 46062K, committed 46336K, reserved 1089536K
  class space    used 6119K, capacity 6342K, committed 6400K, reserved 1048576K
Event: 280.395 GC heap after
Heap after GC invocations=80 (full 3):
 def new generation   total 12672K, used 846K [0x00000000c0000000, 0x00000000c0dc0000, 0x00000000d5550000)
  eden space 11264K,   0% used [0x00000000c0000000, 0x00000000c0000000, 0x00000000c0b00000)
  from space 1408K,  60% used [0x00000000c0c60000, 0x00000000c0d338f0, 0x00000000c0dc0000)
  to   space 1408K,   0% used [0x00000000c0b00000, 0x00000000c0b00000, 0x00000000c0c60000)
 tenured generation   total 27968K, used 24267K [0x00000000d5550000, 0x00000000d70a0000, 0x0000000100000000)
   the space 27968K,  86% used [0x00000000d5550000, 0x00000000d6d02ef0, 0x00000000d6d03000, 0x00000000d70a0000)
 Metaspace       used 45326K, capacity 46062K, committed 46336K, reserved 1089536K
  class space    used 6119K, capacity 6342K, committed 6400K, reserved 1048576K
}
Event: 280.484 GC heap before
{Heap before GC invocations=80 (full 3):
 def new generation   total 12672K, used 12110K [0x00000000c0000000, 0x00000000c0dc0000, 0x00000000d5550000)
  eden space 11264K, 100% used [0x00000000c0000000, 0x00000000c0b00000, 0x00000000c0b00000)
  from space 1408K,  60% used [0x00000000c0c60000, 0x00000000c0d338f0, 0x00000000c0dc0000)
  to   space 1408K,   0% used [0x00000000c0b00000, 0x00000000c0b00000, 0x00000000c0c60000)
 tenured generation   total 27968K, used 24267K [0x00000000d5550000, 0x00000000d70a0000, 0x0000000100000000)
   the space 27968K,  86% used [0x00000000d5550000, 0x00000000d6d02ef0, 0x00000000d6d03000, 0x00000000d70a0000)
 Metaspace       used 45329K, capacity 46062K, committed 46336K, reserved 1089536K
  class space    used 6119K, capacity 6342K, committed 6400K, reserved 1048576K
Event: 280.488 GC heap after
Heap after GC invocations=81 (full 3):
 def new generation   total 12672K, used 795K [0x00000000c0000000, 0x00000000c0dc0000, 0x00000000d5550000)
  eden space 11264K,   0% used [0x00000000c0000000, 0x00000000c0000000, 0x00000000c0b00000)
  from space 1408K,  56% used [0x00000000c0b00000, 0x00000000c0bc6db8, 0x00000000c0c60000)
  to   space 1408K,   0% used [0x00000000c0c60000, 0x00000000c0c60000, 0x00000000c0dc0000)
 tenured generation   total 27968K, used 24486K [0x00000000d5550000, 0x00000000d70a0000, 0x0000000100000000)
   the space 27968K,  87% used [0x00000000d5550000, 0x00000000d6d399b8, 0x00000000d6d39a00, 0x00000000d70a0000)
 Metaspace       used 45329K, capacity 46062K, committed 46336K, reserved 1089536K
  class space    used 6119K, capacity 6342K, committed 6400K, reserved 1048576K
}
Event: 280.556 GC heap before
{Heap before GC invocations=81 (full 3):
 def new generation   total 12672K, used 12059K [0x00000000c0000000, 0x00000000c0dc0000, 0x00000000d5550000)
  eden space 11264K, 100% used [0x00000000c0000000, 0x00000000c0b00000, 0x00000000c0b00000)
  from space 1408K,  56% used [0x00000000c0b00000, 0x00000000c0bc6db8, 0x00000000c0c60000)
  to   space 1408K,   0% used [0x00000000c0c60000, 0x00000000c0c60000, 0x00000000c0dc0000)
 tenured generation   total 27968K, used 24486K [0x00000000d5550000, 0x00000000d70a0000, 0x0000000100000000)
   the space 27968K,  87% used [0x00000000d5550000, 0x00000000d6d399b8, 0x00000000d6d39a00, 0x00000000d70a0000)
 Metaspace       used 45330K, capacity 46062K, committed 46336K, reserved 1089536K
  class space    used 6119K, capacity 6342K, committed 6400K, reserved 1048576K
Event: 280.559 GC heap after
Heap after GC invocations=82 (full 3):
 def new generation   total 12672K, used 851K [0x00000000c0000000, 0x00000000c0dc0000, 0x00000000d5550000)
  eden space 11264K,   0% used [0x00000000c0000000, 0x00000000c0000000, 0x00000000c0b00000)
  from space 1408K,  60% used [0x00000000c0c60000, 0x00000000c0d34d20, 0x00000000c0dc0000)
  to   space 1408K,   0% used [0x00000000c0b00000, 0x00000000c0b00000, 0x00000000c0c60000)
 tenured generation   total 27968K, used 24676K [0x00000000d5550000, 0x00000000d70a0000, 0x0000000100000000)
   the space 27968K,  88% used [0x00000000d5550000, 0x00000000d6d692f0, 0x00000000d6d69400, 0x00000000d70a0000)
 Metaspace       used 45330K, capacity 46062K, committed 46336K, reserved 1089536K
  class space    used 6119K, capacity 6342K, committed 6400K, reserved 1048576K
}
Event: 281.164 GC heap before
{Heap before GC invocations=82 (full 3):
 def new generation   total 12672K, used 12115K [0x00000000c0000000, 0x00000000c0dc0000, 0x00000000d5550000)
  eden space 11264K, 100% used [0x00000000c0000000, 0x00000000c0b00000, 0x00000000c0b00000)
  from space 1408K,  60% used [0x00000000c0c60000, 0x00000000c0d34d20, 0x00000000c0dc0000)
  to   space 1408K,   0% used [0x00000000c0b00000, 0x00000000c0b00000, 0x00000000c0c60000)
 tenured generation   total 27968K, used 24676K [0x00000000d5550000, 0x00000000d70a0000, 0x0000000100000000)
   the space 27968K,  88% used [0x00000000d5550000, 0x00000000d6d692f0, 0x00000000d6d69400, 0x00000000d70a0000)
 Metaspace       used 45683K, capacity 46368K, committed 46592K, reserved 1089536K
  class space    used 6147K, capacity 6380K, committed 6400K, reserved 1048576K
Event: 281.169 GC heap after
Heap after GC invocations=83 (full 3):
 def new generation   total 12672K, used 1234K [0x00000000c0000000, 0x00000000c0dc0000, 0x00000000d5550000)
  eden space 11264K,   0% used [0x00000000c0000000, 0x00000000c0000000, 0x00000000c0b00000)
  from space 1408K,  87% used [0x00000000c0b00000, 0x00000000c0c34878, 0x00000000c0c60000)
  to   space 1408K,   0% used [0x00000000c0c60000, 0x00000000c0c60000, 0x00000000c0dc0000)
 tenured generation   total 27968K, used 24849K [0x00000000d5550000, 0x00000000d70a0000, 0x0000000100000000)
   the space 27968K,  88% used [0x00000000d5550000, 0x00000000d6d94580, 0x00000000d6d94600, 0x00000000d70a0000)
 Metaspace       used 45683K, capacity 46368K, committed 46592K, reserved 1089536K
  class space    used 6147K, capacity 6380K, committed 6400K, reserved 1048576K
}
Event: 281.906 GC heap before
{Heap before GC invocations=83 (full 3):
 def new generation   total 12672K, used 12498K [0x00000000c0000000, 0x00000000c0dc0000, 0x00000000d5550000)
  eden space 11264K, 100% used [0x00000000c0000000, 0x00000000c0b00000, 0x00000000c0b00000)
  from space 1408K,  87% used [0x00000000c0b00000, 0x00000000c0c34878, 0x00000000c0c60000)
  to   space 1408K,   0% used [0x00000000c0c60000, 0x00000000c0c60000, 0x00000000c0dc0000)
 tenured generation   total 27968K, used 24849K [0x00000000d5550000, 0x00000000d70a0000, 0x0000000100000000)
   the space 27968K,  88% used [0x00000000d5550000, 0x00000000d6d94580, 0x00000000d6d94600, 0x00000000d70a0000)
 Metaspace       used 45692K, capacity 46368K, committed 46592K, reserved 1089536K
  class space    used 6147K, capacity 6380K, committed 6400K, reserved 1048576K
Event: 281.912 GC heap after
Heap after GC invocations=84 (full 3):
 def new generation   total 12672K, used 930K [0x00000000c0000000, 0x00000000c0dc0000, 0x00000000d5550000)
  eden space 11264K,   0% used [0x00000000c0000000, 0x00000000c0000000, 0x00000000c0b00000)
  from space 1408K,  66% used [0x00000000c0c60000, 0x00000000c0d48b70, 0x00000000c0dc0000)
  to   space 1408K,   0% used [0x00000000c0b00000, 0x00000000c0b00000, 0x00000000c0c60000)
 tenured generation   total 27968K, used 25875K [0x00000000d5550000, 0x00000000d70a0000, 0x0000000100000000)
   the space 27968K,  92% used [0x00000000d5550000, 0x00000000d6e94f30, 0x00000000d6e95000, 0x00000000d70a0000)
 Metaspace       used 45692K, capacity 46368K, committed 46592K, reserved 1089536K
  class space    used 6147K, capacity 6380K, committed 6400K, reserved 1048576K
}
Event: 282.618 GC heap before
{Heap before GC invocations=84 (full 3):
 def new generation   total 12672K, used 12194K [0x00000000c0000000, 0x00000000c0dc0000, 0x00000000d5550000)
  eden space 11264K, 100% used [0x00000000c0000000, 0x00000000c0b00000, 0x00000000c0b00000)
  from space 1408K,  66% used [0x00000000c0c60000, 0x00000000c0d48b70, 0x00000000c0dc0000)
  to   space 1408K,   0% used [0x00000000c0b00000, 0x00000000c0b00000, 0x00000000c0c60000)
 tenured generation   total 27968K, used 25875K [0x00000000d5550000, 0x00000000d70a0000, 0x0000000100000000)
   the space 27968K,  92% used [0x00000000d5550000, 0x00000000d6e94f30, 0x00000000d6e95000, 0x00000000d70a0000)
 Metaspace       used 45707K, capacity 46368K, committed 46592K, reserved 1089536K
  class space    used 6147K, capacity 6380K, committed 6400K, reserved 1048576K
Event: 282.623 GC heap after
Heap after GC invocations=85 (full 3):
 def new generation   total 12672K, used 1030K [0x00000000c0000000, 0x00000000c0dc0000, 0x00000000d5550000)
  eden space 11264K,   0% used [0x00000000c0000000, 0x00000000c0000000, 0x00000000c0b00000)
  from space 1408K,  73% used [0x00000000c0b00000, 0x00000000c0c019b0, 0x00000000c0c60000)
  to   space 1408K,   0% used [0x00000000c0c60000, 0x00000000c0c60000, 0x00000000c0dc0000)
 tenured generation   total 27968K, used 26670K [0x00000000d5550000, 0x00000000d70a0000, 0x0000000100000000)
   the space 27968K,  95% used [0x00000000d5550000, 0x00000000d6f5b820, 0x00000000d6f5ba00, 0x00000000d70a0000)
 Metaspace       used 45707K, capacity 46368K, committed 46592K, reserved 1089536K
  class space    used 6147K, capacity 6380K, committed 6400K, reserved 1048576K
}
Event: 283.270 GC heap before
{Heap before GC invocations=85 (full 3):
 def new generation   total 12672K, used 12204K [0x00000000c0000000, 0x00000000c0dc0000, 0x00000000d5550000)
  eden space 11264K,  99% used [0x00000000c0000000, 0x00000000c0ae99f8, 0x00000000c0b00000)
  from space 1408K,  73% used [0x00000000c0b00000, 0x00000000c0c019b0, 0x00000000c0c60000)
  to   space 1408K,   0% used [0x00000000c0c60000, 0x00000000c0c60000, 0x00000000c0dc0000)
 tenured generation   total 27968K, used 26670K [0x00000000d5550000, 0x00000000d70a0000, 0x0000000100000000)
   the space 27968K,  95% used [0x00000000d5550000, 0x00000000d6f5b820, 0x00000000d6f5ba00, 0x00000000d70a0000)
 Metaspace       used 45716K, capacity 46368K, committed 46592K, reserved 1089536K
  class space    used 6147K, capacity 6380K, committed 6400K, reserved 1048576K
Event: 283.276 GC heap after
Heap after GC invocations=86 (full 3):
 def new generation   total 12672K, used 1407K [0x00000000c0000000, 0x00000000c0dc0000, 0x00000000d5550000)
  eden space 11264K,   0% used [0x00000000c0000000, 0x00000000c0000000, 0x00000000c0b00000)
  from space 1408K,  99% used [0x00000000c0c60000, 0x00000000c0dbfff8, 0x00000000c0dc0000)
  to   space 1408K,   0% used [0x00000000c0b00000, 0x00000000c0b00000, 0x00000000c0c60000)
 tenured generation   total 27968K, used 27778K [0x00000000d5550000, 0x00000000d70a0000, 0x0000000100000000)
   the space 27968K,  99% used [0x00000000d5550000, 0x00000000d7070a00, 0x00000000d7070a00, 0x00000000d70a0000)
 Metaspace       used 45716K, capacity 46368K, committed 46592K, reserved 1089536K
  class space    used 6147K, capacity 6380K, committed 6400K, reserved 1048576K
}
Event: 336.049 GC heap before
{Heap before GC invocations=86 (full 3):
 def new generation   total 12672K, used 12671K [0x00000000c0000000, 0x00000000c0dc0000, 0x00000000d5550000)
  eden space 11264K, 100% used [0x00000000c0000000, 0x00000000c0b00000, 0x00000000c0b00000)
  from space 1408K,  99% used [0x00000000c0c60000, 0x00000000c0dbfff8, 0x00000000c0dc0000)
  to   space 1408K,   0% used [0x00000000c0b00000, 0x00000000c0b00000, 0x00000000c0c60000)
 tenured generation   total 27968K, used 27778K [0x00000000d5550000, 0x00000000d70a0000, 0x0000000100000000)
   the space 27968K,  99% used [0x00000000d5550000, 0x00000000d7070a00, 0x00000000d7070a00, 0x00000000d70a0000)
 Metaspace       used 45997K, capacity 46774K, committed 46976K, reserved 1089536K
  class space    used 6190K, capacity 6466K, committed 6528K, reserved 1048576K
Event: 336.153 GC heap after
Heap after GC invocations=87 (full 4):
 def new generation   total 19968K, used 0K [0x00000000c0000000, 0x00000000c15a0000, 0x00000000d5550000)
  eden space 17792K,   0% used [0x00000000c0000000, 0x00000000c0000000, 0x00000000c1160000)
  from space 2176K,   0% used [0x00000000c1160000, 0x00000000c1160000, 0x00000000c1380000)
  to   space 2176K,   0% used [0x00000000c1380000, 0x00000000c1380000, 0x00000000c15a0000)
 tenured generation   total 44064K, used 26437K [0x00000000d5550000, 0x00000000d8058000, 0x0000000100000000)
   the space 44064K,  59% used [0x00000000d5550000, 0x00000000d6f21408, 0x00000000d6f21600, 0x00000000d8058000)
 Metaspace       used 45981K, capacity 46750K, committed 46976K, reserved 1089536K
  class space    used 6184K, capacity 6458K, committed 6528K, reserved 1048576K
}

